#
# There is insufficient memory for the Java Runtime Environment to continue.
# Native memory allocation (malloc) failed to allocate 32744 bytes for ChunkPool::allocate
# Possible reasons:
#   The system is out of physical RAM or swap space
#   The process is running with CompressedOops enabled, and the Java Heap may be blocking the growth of the native heap
# Possible solutions:
#   Reduce memory load on the system
#   Increase physical memory or swap space
#   Check if swap backing store is full
#   Decrease Java heap size (-Xmx/-Xms)
#   Decrease number of Java threads
#   Decrease Java thread stack sizes (-Xss)
#   Set larger code cache with -XX:ReservedCodeCacheSize=
#   JVM is running with Unscaled Compressed Oops mode in which the Java heap is
#     placed in the first 4GB address space. The Java Heap base address is the
#     maximum limit for the native heap growth. Please use -XX:HeapBaseMinAddress
#     to set the Java Heap base and to place the Java Heap above 4GB virtual address.
# This output file may be truncated or incomplete.
#
#  Out of Memory Error (arena.cpp:78), pid=2160, tid=8636
#
# JRE version: OpenJDK Runtime Environment Temurin-17.0.2+8 (17.0.2+8) (build 17.0.2+8)
# Java VM: OpenJDK 64-Bit Server VM Temurin-17.0.2+8 (17.0.2+8, mixed mode, emulated-client, tiered, compressed oops, compressed class ptrs, g1 gc, windows-amd64)
# No core dump will be written. Minidumps are not enabled by default on client versions of Windows
#

---------------  S U M M A R Y ------------

Command Line: -Dcom.sun.management.jmxremote -Dcom.sun.management.jmxremote.port=54650 -Dcom.sun.management.jmxremote.authenticate=false -Dcom.sun.management.jmxremote.ssl=false -Djava.rmi.server.hostname=localhost -Dspring.jmx.enabled=true -Dspring.application.admin.enabled=true -XX:TieredStopAtLevel=1 -Dspring.boot.project.name=springCloudClient-2 -Dfile.encoding=UTF-8 -XX:+ShowCodeDetailsInExceptionMessages -agentpath:C:\Program Files\Palo Alto Networks\Traps\cyjagent.dll com.hcl.SpringCloudClient2Application --spring.output.ansi.enabled=always

Host: 11th Gen Intel(R) Core(TM) i5-1135G7 @ 2.40GHz, 8 cores, 7G,  Windows 10 , 64 bit Build 19041 (10.0.19041.2251)
Time: Mon Dec 12 11:54:02 2022 India Standard Time elapsed time: 194.975889 seconds (0d 0h 3m 14s)

---------------  T H R E A D  ---------------

Current thread (0x0000021cea437660):  JavaThread "C1 CompilerThread0" daemon [_thread_in_native, id=8636, stack(0x0000003e66600000,0x0000003e66700000)]


Current CompileTask:
C1: 194978 4933   !   1       sun.rmi.transport.Transport::serviceCall (349 bytes)

Stack: [0x0000003e66600000,0x0000003e66700000]
Native frames: (J=compiled Java code, j=interpreted, Vv=VM code, C=native code)
V  [jvm.dll+0x67564a]
V  [jvm.dll+0x82fc04]
V  [jvm.dll+0x8313ae]
V  [jvm.dll+0x831a13]
V  [jvm.dll+0x245235]
V  [jvm.dll+0xabfc0]
V  [jvm.dll+0xac30c]
V  [jvm.dll+0x17b92f]
V  [jvm.dll+0x17a4bb]
V  [jvm.dll+0x134723]
V  [jvm.dll+0x13401f]
V  [jvm.dll+0x134256]
V  [jvm.dll+0x1336ea]
V  [jvm.dll+0x1353b1]
V  [jvm.dll+0x226ef8]
V  [jvm.dll+0x22503c]
V  [jvm.dll+0x7e596b]
V  [jvm.dll+0x7dff2a]
V  [jvm.dll+0x6744d5]
C  [ucrtbase.dll+0x21bb2]
C  [cyinjct.dll+0x11e7]
C  [KERNEL32.DLL+0x174b4]
C  [ntdll.dll+0x526a1]


---------------  P R O C E S S  ---------------

Threads class SMR info:
_java_thread_list=0x0000021cec4e83d0, length=35, elements={
0x0000021ce9bb88e0, 0x0000021ce9bb91a0, 0x0000021cea423dc0, 0x0000021cea424680,
0x0000021cea4305b0, 0x0000021cea4338a0, 0x0000021cea437660, 0x0000021cea437f60,
0x0000021cea51c280, 0x0000021cea629100, 0x0000021ceac26690, 0x0000021ceac3b570,
0x0000021ceac3a030, 0x0000021cec09f2d0, 0x0000021cec096190, 0x0000021cec30f6f0,
0x0000021cec30f220, 0x0000021cec310090, 0x0000021cec310a30, 0x0000021cec310560,
0x0000021cecb37320, 0x0000021cecb36980, 0x0000021cecb38190, 0x0000021cecb37cc0,
0x0000021cecb38660, 0x0000021cecb38b30, 0x0000021cecb394d0, 0x0000021cecb39000,
0x0000021cecb399a0, 0x0000021cecb39e70, 0x0000021cecb3a340, 0x0000021cecb36e50,
0x0000021cecb7bbe0, 0x0000021cecb7c0b0, 0x0000021cecb79a30
}

Java Threads: ( => current thread )
  0x0000021ce9bb88e0 JavaThread "Reference Handler" daemon [_thread_blocked, id=11060, stack(0x0000003e66000000,0x0000003e66100000)]
  0x0000021ce9bb91a0 JavaThread "Finalizer" daemon [_thread_blocked, id=14248, stack(0x0000003e66100000,0x0000003e66200000)]
  0x0000021cea423dc0 JavaThread "Signal Dispatcher" daemon [_thread_blocked, id=7352, stack(0x0000003e66200000,0x0000003e66300000)]
  0x0000021cea424680 JavaThread "Attach Listener" daemon [_thread_blocked, id=4596, stack(0x0000003e66300000,0x0000003e66400000)]
  0x0000021cea4305b0 JavaThread "Service Thread" daemon [_thread_blocked, id=11212, stack(0x0000003e66400000,0x0000003e66500000)]
  0x0000021cea4338a0 JavaThread "Monitor Deflation Thread" daemon [_thread_blocked, id=2868, stack(0x0000003e66500000,0x0000003e66600000)]
=>0x0000021cea437660 JavaThread "C1 CompilerThread0" daemon [_thread_in_native, id=8636, stack(0x0000003e66600000,0x0000003e66700000)]
  0x0000021cea437f60 JavaThread "Sweeper thread" daemon [_thread_blocked, id=14200, stack(0x0000003e66700000,0x0000003e66800000)]
  0x0000021cea51c280 JavaThread "Common-Cleaner" daemon [_thread_blocked, id=8472, stack(0x0000003e66800000,0x0000003e66900000)]
  0x0000021cea629100 JavaThread "Notification Thread" daemon [_thread_blocked, id=8572, stack(0x0000003e66c00000,0x0000003e66d00000)]
  0x0000021ceac26690 JavaThread "RMI TCP Accept-0" daemon [_thread_in_native, id=9580, stack(0x0000003e66d00000,0x0000003e66e00000)]
  0x0000021ceac3b570 JavaThread "RMI TCP Accept-54650" daemon [_thread_in_native, id=10128, stack(0x0000003e66e00000,0x0000003e66f00000)]
  0x0000021ceac3a030 JavaThread "RMI TCP Accept-0" daemon [_thread_in_native, id=2036, stack(0x0000003e66f00000,0x0000003e67000000)]
  0x0000021cec09f2d0 JavaThread "RMI Scheduler(0)" daemon [_thread_blocked, id=1480, stack(0x0000003e67b00000,0x0000003e67c00000)]
  0x0000021cec096190 JavaThread "JMX server connection timeout 22" daemon [_thread_blocked, id=8908, stack(0x0000003e67d00000,0x0000003e67e00000)]
  0x0000021cec30f6f0 JavaThread "RMI TCP Connection(3)-127.0.0.1" daemon [_thread_in_native, id=11536, stack(0x0000003e66a00000,0x0000003e66b00000)]
  0x0000021cec30f220 JavaThread "JMX server connection timeout 25" daemon [_thread_blocked, id=12684, stack(0x0000003e66b00000,0x0000003e66c00000)]
  0x0000021cec310090 JavaThread "Catalina-utility-1" [_thread_blocked, id=9808, stack(0x0000003e68300000,0x0000003e68400000)]
  0x0000021cec310a30 JavaThread "Catalina-utility-2" [_thread_blocked, id=10952, stack(0x0000003e68400000,0x0000003e68500000)]
  0x0000021cec310560 JavaThread "container-0" [_thread_blocked, id=10892, stack(0x0000003e68500000,0x0000003e68600000)]
  0x0000021cecb37320 JavaThread "spring.cloud.inetutils" daemon [_thread_blocked, id=10252, stack(0x0000003e68600000,0x0000003e68700000)]
  0x0000021cecb36980 JavaThread "http-nio-8082-exec-1" daemon [_thread_blocked, id=4448, stack(0x0000003e68700000,0x0000003e68800000)]
  0x0000021cecb38190 JavaThread "http-nio-8082-exec-2" daemon [_thread_blocked, id=13900, stack(0x0000003e68800000,0x0000003e68900000)]
  0x0000021cecb37cc0 JavaThread "http-nio-8082-exec-3" daemon [_thread_blocked, id=12536, stack(0x0000003e68900000,0x0000003e68a00000)]
  0x0000021cecb38660 JavaThread "http-nio-8082-exec-4" daemon [_thread_blocked, id=2192, stack(0x0000003e68a00000,0x0000003e68b00000)]
  0x0000021cecb38b30 JavaThread "http-nio-8082-exec-5" daemon [_thread_blocked, id=14288, stack(0x0000003e68b00000,0x0000003e68c00000)]
  0x0000021cecb394d0 JavaThread "http-nio-8082-exec-6" daemon [_thread_blocked, id=6604, stack(0x0000003e68c00000,0x0000003e68d00000)]
  0x0000021cecb39000 JavaThread "http-nio-8082-exec-7" daemon [_thread_blocked, id=10116, stack(0x0000003e68d00000,0x0000003e68e00000)]
  0x0000021cecb399a0 JavaThread "http-nio-8082-exec-8" daemon [_thread_blocked, id=9108, stack(0x0000003e68e00000,0x0000003e68f00000)]
  0x0000021cecb39e70 JavaThread "http-nio-8082-exec-9" daemon [_thread_blocked, id=5132, stack(0x0000003e68f00000,0x0000003e69000000)]
  0x0000021cecb3a340 JavaThread "http-nio-8082-exec-10" daemon [_thread_blocked, id=14148, stack(0x0000003e69000000,0x0000003e69100000)]
  0x0000021cecb36e50 JavaThread "http-nio-8082-Poller" daemon [_thread_in_native, id=9912, stack(0x0000003e69100000,0x0000003e69200000)]
  0x0000021cecb7bbe0 JavaThread "http-nio-8082-Acceptor" daemon [_thread_in_native, id=2564, stack(0x0000003e69200000,0x0000003e69300000)]
  0x0000021cecb7c0b0 JavaThread "DestroyJavaVM" [_thread_blocked, id=9612, stack(0x0000003e65900000,0x0000003e65a00000)]
  0x0000021cecb79a30 JavaThread "RMI TCP Connection(11)-127.0.0.1" daemon [_thread_in_native, id=9392, stack(0x0000003e69800000,0x0000003e69900000)]

Other Threads:
  0x0000021ce9be8c30 VMThread "VM Thread" [stack: 0x0000003e65f00000,0x0000003e66000000] [id=13272]
  0x0000021cd9e98e80 WatcherThread [stack: 0x0000003e67000000,0x0000003e67100000] [id=3540]
  0x0000021cd9ed3930 GCTaskThread "GC Thread#0" [stack: 0x0000003e65a00000,0x0000003e65b00000] [id=11524]
  0x0000021ceb0a9020 GCTaskThread "GC Thread#1" [stack: 0x0000003e67100000,0x0000003e67200000] [id=11940]
  0x0000021ceb0480f0 GCTaskThread "GC Thread#2" [stack: 0x0000003e67200000,0x0000003e67300000] [id=9536]
  0x0000021ceb0c4aa0 GCTaskThread "GC Thread#3" [stack: 0x0000003e67300000,0x0000003e67400000] [id=8564]
  0x0000021ceb08b870 GCTaskThread "GC Thread#4" [stack: 0x0000003e67400000,0x0000003e67500000] [id=8936]
  0x0000021ceb08bb20 GCTaskThread "GC Thread#5" [stack: 0x0000003e67500000,0x0000003e67600000] [id=11856]
  0x0000021ceb0390f0 GCTaskThread "GC Thread#6" [stack: 0x0000003e67600000,0x0000003e67700000] [id=11344]
  0x0000021ceb0393a0 GCTaskThread "GC Thread#7" [stack: 0x0000003e67700000,0x0000003e67800000] [id=10292]
  0x0000021cd9ee56b0 ConcurrentGCThread "G1 Main Marker" [stack: 0x0000003e65b00000,0x0000003e65c00000] [id=5636]
  0x0000021cd9ee63a0 ConcurrentGCThread "G1 Conc#0" [stack: 0x0000003e65c00000,0x0000003e65d00000] [id=10728]
  0x0000021cec1f3d90 ConcurrentGCThread "G1 Conc#1" [stack: 0x0000003e67e00000,0x0000003e67f00000] [id=4868]
  0x0000021cd9f3d360 ConcurrentGCThread "G1 Refine#0" [stack: 0x0000003e65d00000,0x0000003e65e00000] [id=4008]
  0x0000021ceb061440 ConcurrentGCThread "G1 Refine#1" [stack: 0x0000003e67800000,0x0000003e67900000] [id=8488]
  0x0000021ceb061720 ConcurrentGCThread "G1 Refine#2" [stack: 0x0000003e67900000,0x0000003e67a00000] [id=6816]
  0x0000021ce9a18240 ConcurrentGCThread "G1 Service" [stack: 0x0000003e65e00000,0x0000003e65f00000] [id=10800]

Threads with active compile tasks:
C1 CompilerThread0   195075 4933   !   1       sun.rmi.transport.Transport::serviceCall (349 bytes)

VM state: not at safepoint (normal execution)

VM Mutex/Monitor currently owned by a thread: None

Heap address: 0x0000000084400000, size: 1980 MB, Compressed Oops mode: 32-bit

CDS archive(s) not mapped
Compressed class space mapped at: 0x0000000100000000-0x0000000140000000, reserved size: 1073741824
Narrow klass base: 0x0000000000000000, Narrow klass shift: 3, Narrow klass range: 0x140000000

GC Precious Log:
 CPUs: 8 total, 8 available
 Memory: 7914M
 Large Page Support: Disabled
 NUMA Support: Disabled
 Compressed Oops: Enabled (32-bit)
 Heap Region Size: 1M
 Heap Min Capacity: 8M
 Heap Initial Capacity: 124M
 Heap Max Capacity: 1980M
 Pre-touch: Disabled
 Parallel Workers: 8
 Concurrent Workers: 2
 Concurrent Refinement Workers: 8
 Periodic GC: Disabled

Heap:
 garbage-first heap   total 58368K, used 26056K [0x0000000084400000, 0x0000000100000000)
  region size 1024K, 10 young (10240K), 2 survivors (2048K)
 Metaspace       used 43188K, committed 43648K, reserved 1089536K
  class space    used 5572K, committed 5824K, reserved 1048576K

Heap Regions: E=young(eden), S=young(survivor), O=old, HS=humongous(starts), HC=humongous(continues), CS=collection set, F=free, OA=open archive, CA=closed archive, TAMS=top-at-mark-start (previous, next)
|   0|0x0000000084400000, 0x0000000084500000, 0x0000000084500000|100%| O|  |TAMS 0x0000000084500000, 0x0000000084400000| Untracked 
|   1|0x0000000084500000, 0x0000000084600000, 0x0000000084600000|100%| O|  |TAMS 0x0000000084600000, 0x0000000084500000| Untracked 
|   2|0x0000000084600000, 0x0000000084700000, 0x0000000084700000|100%| O|  |TAMS 0x0000000084700000, 0x0000000084600000| Untracked 
|   3|0x0000000084700000, 0x0000000084800000, 0x0000000084800000|100%| O|  |TAMS 0x0000000084800000, 0x0000000084700000| Untracked 
|   4|0x0000000084800000, 0x0000000084900000, 0x0000000084900000|100%| O|  |TAMS 0x0000000084900000, 0x0000000084800000| Untracked 
|   5|0x0000000084900000, 0x0000000084a00000, 0x0000000084a00000|100%| O|  |TAMS 0x0000000084a00000, 0x0000000084900000| Untracked 
|   6|0x0000000084a00000, 0x0000000084b00000, 0x0000000084b00000|100%| O|  |TAMS 0x0000000084b00000, 0x0000000084a00000| Untracked 
|   7|0x0000000084b00000, 0x0000000084c00000, 0x0000000084c00000|100%| O|  |TAMS 0x0000000084c00000, 0x0000000084b00000| Untracked 
|   8|0x0000000084c00000, 0x0000000084d00000, 0x0000000084d00000|100%| O|  |TAMS 0x0000000084d00000, 0x0000000084c00000| Untracked 
|   9|0x0000000084d00000, 0x0000000084e00000, 0x0000000084e00000|100%| O|  |TAMS 0x0000000084e00000, 0x0000000084d00000| Untracked 
|  10|0x0000000084e00000, 0x0000000084f00000, 0x0000000084f00000|100%| O|  |TAMS 0x0000000084f00000, 0x0000000084e00000| Untracked 
|  11|0x0000000084f00000, 0x0000000084f63600, 0x0000000085000000| 38%| O|  |TAMS 0x0000000084f63600, 0x0000000084f00000| Untracked 
|  12|0x0000000085000000, 0x0000000085100000, 0x0000000085100000|100%| O|  |TAMS 0x0000000085000000, 0x0000000085000000| Untracked 
|  13|0x0000000085100000, 0x0000000085200000, 0x0000000085200000|100%| O|  |TAMS 0x0000000085100000, 0x0000000085100000| Untracked 
|  14|0x0000000085200000, 0x0000000085300000, 0x0000000085300000|100%| O|  |TAMS 0x0000000085200000, 0x0000000085200000| Untracked 
|  15|0x0000000085300000, 0x0000000085400000, 0x0000000085400000|100%| O|  |TAMS 0x0000000085300000, 0x0000000085300000| Untracked 
|  16|0x0000000085400000, 0x0000000085500000, 0x0000000085500000|100%| O|  |TAMS 0x0000000085400000, 0x0000000085400000| Untracked 
|  17|0x0000000085500000, 0x0000000085600000, 0x0000000085600000|100%| O|  |TAMS 0x0000000085500000, 0x0000000085500000| Untracked 
|  18|0x0000000085600000, 0x0000000085600000, 0x0000000085700000|  0%| F|  |TAMS 0x0000000085600000, 0x0000000085600000| Untracked 
|  19|0x0000000085700000, 0x0000000085700000, 0x0000000085800000|  0%| F|  |TAMS 0x0000000085700000, 0x0000000085700000| Untracked 
|  20|0x0000000085800000, 0x0000000085800000, 0x0000000085900000|  0%| F|  |TAMS 0x0000000085800000, 0x0000000085800000| Untracked 
|  21|0x0000000085900000, 0x0000000085900000, 0x0000000085a00000|  0%| F|  |TAMS 0x0000000085900000, 0x0000000085900000| Untracked 
|  22|0x0000000085a00000, 0x0000000085a00000, 0x0000000085b00000|  0%| F|  |TAMS 0x0000000085a00000, 0x0000000085a00000| Untracked 
|  23|0x0000000085b00000, 0x0000000085b0ea00, 0x0000000085c00000|  5%| O|  |TAMS 0x0000000085b00000, 0x0000000085b00000| Untracked 
|  24|0x0000000085c00000, 0x0000000085c00000, 0x0000000085d00000|  0%| F|  |TAMS 0x0000000085c00000, 0x0000000085c00000| Untracked 
|  25|0x0000000085d00000, 0x0000000085d00000, 0x0000000085e00000|  0%| F|  |TAMS 0x0000000085d00000, 0x0000000085d00000| Untracked 
|  26|0x0000000085e00000, 0x0000000085e00000, 0x0000000085f00000|  0%| F|  |TAMS 0x0000000085e00000, 0x0000000085e00000| Untracked 
|  27|0x0000000085f00000, 0x0000000085f00000, 0x0000000086000000|  0%| F|  |TAMS 0x0000000085f00000, 0x0000000085f00000| Untracked 
|  28|0x0000000086000000, 0x0000000086000000, 0x0000000086100000|  0%| F|  |TAMS 0x0000000086000000, 0x0000000086000000| Untracked 
|  29|0x0000000086100000, 0x0000000086100000, 0x0000000086200000|  0%| F|  |TAMS 0x0000000086100000, 0x0000000086100000| Untracked 
|  30|0x0000000086200000, 0x0000000086200000, 0x0000000086300000|  0%| F|  |TAMS 0x0000000086200000, 0x0000000086200000| Untracked 
|  31|0x0000000086300000, 0x0000000086400000, 0x0000000086400000|100%| S|CS|TAMS 0x0000000086300000, 0x0000000086300000| Complete 
|  32|0x0000000086400000, 0x0000000086500000, 0x0000000086500000|100%| S|CS|TAMS 0x0000000086400000, 0x0000000086400000| Complete 
|  33|0x0000000086500000, 0x0000000086500000, 0x0000000086600000|  0%| F|  |TAMS 0x0000000086500000, 0x0000000086500000| Untracked 
|  34|0x0000000086600000, 0x0000000086600000, 0x0000000086700000|  0%| F|  |TAMS 0x0000000086600000, 0x0000000086600000| Untracked 
|  35|0x0000000086700000, 0x0000000086700000, 0x0000000086800000|  0%| F|  |TAMS 0x0000000086700000, 0x0000000086700000| Untracked 
|  36|0x0000000086800000, 0x0000000086800000, 0x0000000086900000|  0%| F|  |TAMS 0x0000000086800000, 0x0000000086800000| Untracked 
|  37|0x0000000086900000, 0x0000000086900000, 0x0000000086a00000|  0%| F|  |TAMS 0x0000000086900000, 0x0000000086900000| Untracked 
|  38|0x0000000086a00000, 0x0000000086a00000, 0x0000000086b00000|  0%| F|  |TAMS 0x0000000086a00000, 0x0000000086a00000| Untracked 
|  39|0x0000000086b00000, 0x0000000086b00000, 0x0000000086c00000|  0%| F|  |TAMS 0x0000000086b00000, 0x0000000086b00000| Untracked 
|  40|0x0000000086c00000, 0x0000000086c00000, 0x0000000086d00000|  0%| F|  |TAMS 0x0000000086c00000, 0x0000000086c00000| Untracked 
|  41|0x0000000086d00000, 0x0000000086d00000, 0x0000000086e00000|  0%| F|  |TAMS 0x0000000086d00000, 0x0000000086d00000| Untracked 
|  42|0x0000000086e00000, 0x0000000086e00000, 0x0000000086f00000|  0%| F|  |TAMS 0x0000000086e00000, 0x0000000086e00000| Untracked 
|  43|0x0000000086f00000, 0x0000000086f00000, 0x0000000087000000|  0%| F|  |TAMS 0x0000000086f00000, 0x0000000086f00000| Untracked 
|  44|0x0000000087000000, 0x0000000087000000, 0x0000000087100000|  0%| F|  |TAMS 0x0000000087000000, 0x0000000087000000| Untracked 
|  45|0x0000000087100000, 0x0000000087100000, 0x0000000087200000|  0%| F|  |TAMS 0x0000000087100000, 0x0000000087100000| Untracked 
|  46|0x0000000087200000, 0x0000000087200000, 0x0000000087300000|  0%| F|  |TAMS 0x0000000087200000, 0x0000000087200000| Untracked 
|  47|0x0000000087300000, 0x0000000087300000, 0x0000000087400000|  0%| F|  |TAMS 0x0000000087300000, 0x0000000087300000| Untracked 
|  48|0x0000000087400000, 0x0000000087400000, 0x0000000087500000|  0%| F|  |TAMS 0x0000000087400000, 0x0000000087400000| Untracked 
|  49|0x0000000087500000, 0x000000008750fad0, 0x0000000087600000|  6%| E|  |TAMS 0x0000000087500000, 0x0000000087500000| Complete 
|  50|0x0000000087600000, 0x0000000087700000, 0x0000000087700000|100%| E|CS|TAMS 0x0000000087600000, 0x0000000087600000| Complete 
|  51|0x0000000087700000, 0x0000000087800000, 0x0000000087800000|100%| E|CS|TAMS 0x0000000087700000, 0x0000000087700000| Complete 
|  52|0x0000000087800000, 0x0000000087900000, 0x0000000087900000|100%| E|CS|TAMS 0x0000000087800000, 0x0000000087800000| Complete 
|  53|0x0000000087900000, 0x0000000087a00000, 0x0000000087a00000|100%| E|  |TAMS 0x0000000087900000, 0x0000000087900000| Complete 
|  54|0x0000000087a00000, 0x0000000087b00000, 0x0000000087b00000|100%| E|CS|TAMS 0x0000000087a00000, 0x0000000087a00000| Complete 
|  55|0x0000000087b00000, 0x0000000087c00000, 0x0000000087c00000|100%| E|CS|TAMS 0x0000000087b00000, 0x0000000087b00000| Complete 
| 123|0x000000008bf00000, 0x000000008c000000, 0x000000008c000000|100%| E|CS|TAMS 0x000000008bf00000, 0x000000008bf00000| Complete 

Card table byte_map: [0x0000021ce2bc0000,0x0000021ce2fa0000] _byte_map_base: 0x0000021ce279e000

Marking Bits (Prev, Next): (CMBitMap*) 0x0000021cd9ed3e50, (CMBitMap*) 0x0000021cd9ed3e90
 Prev Bits: [0x0000021ce3380000, 0x0000021ce5270000)
 Next Bits: [0x0000021ce5270000, 0x0000021ce7160000)

Polling page: 0x0000021cd9ce0000

Metaspace:

Usage:
  Non-class:     36.73 MB used.
      Class:      5.44 MB used.
       Both:     42.18 MB used.

Virtual space:
  Non-class space:       40.00 MB reserved,      36.94 MB ( 92%) committed,  5 nodes.
      Class space:        1.00 GB reserved,       5.69 MB ( <1%) committed,  1 nodes.
             Both:        1.04 GB reserved,      42.62 MB (  4%) committed. 

Chunk freelists:
   Non-Class:  2.45 MB
       Class:  2.36 MB
        Both:  4.81 MB

MaxMetaspaceSize: unlimited
CompressedClassSpaceSize: 1.00 GB
Initial GC threshold: 21.00 MB
Current GC threshold: 58.75 MB
CDS: off
MetaspaceReclaimPolicy: balanced
 - commit_granule_bytes: 65536.
 - commit_granule_words: 8192.
 - virtual_space_node_default_size: 1048576.
 - enlarge_chunks_in_place: 1.
 - new_chunks_are_fully_committed: 0.
 - uncommit_free_chunks: 1.
 - use_allocation_guard: 0.
 - handle_deallocations: 1.


Internal statistics:

num_allocs_failed_limit: 6.
num_arena_births: 546.
num_arena_deaths: 0.
num_vsnodes_births: 6.
num_vsnodes_deaths: 0.
num_space_committed: 682.
num_space_uncommitted: 0.
num_chunks_returned_to_freelist: 6.
num_chunks_taken_from_freelist: 1837.
num_chunk_merges: 6.
num_chunk_splits: 1190.
num_chunks_enlarged: 826.
num_purges: 0.
num_inconsistent_stats: 0.

CodeCache: size=49152Kb used=8960Kb max_used=10293Kb free=40192Kb
 bounds [0x0000021cdf050000, 0x0000021cdfa60000, 0x0000021ce2050000]
 total_blobs=5470 nmethods=4932 adapters=464
 compilation: enabled
              stopped_count=0, restarted_count=0
 full_count=0

Compilation events (20 events):
Event: 192.949 Thread 0x0000021cea437660 nmethod 4923 0x0000021cdf2cbe90 code [0x0000021cdf2cc120, 0x0000021cdf2ccb88]
Event: 192.949 Thread 0x0000021cea437660 4924       1       java.io.ObjectOutputStream$BlockDataOutputStream::<init> (57 bytes)
Event: 192.949 Thread 0x0000021cea437660 nmethod 4924 0x0000021cdf2cb490 code [0x0000021cdf2cb660, 0x0000021cdf2cbd38]
Event: 192.949 Thread 0x0000021cea437660 4925       1       java.io.ObjectOutputStream$ReplaceTable::<init> (26 bytes)
Event: 192.949 Thread 0x0000021cea437660 nmethod 4925 0x0000021cdf2caf10 code [0x0000021cdf2cb0c0, 0x0000021cdf2cb368]
Event: 192.949 Thread 0x0000021cea437660 4926       1       java.io.ObjectOutputStream::writeStreamHeader (19 bytes)
Event: 192.949 Thread 0x0000021cea437660 nmethod 4926 0x0000021cdf2cab10 code [0x0000021cdf2cacc0, 0x0000021cdf2cadd8]
Event: 192.949 Thread 0x0000021cea437660 4927       1       java.io.ObjectOutputStream::flush (8 bytes)
Event: 192.949 Thread 0x0000021cea437660 nmethod 4927 0x0000021cdf2ca790 code [0x0000021cdf2ca940, 0x0000021cdf2caa58]
Event: 193.949 Thread 0x0000021cea437660 4928       1       java.io.ObjectOutputStream::<init> (99 bytes)
Event: 193.950 Thread 0x0000021cea437660 nmethod 4928 0x0000021cdf2c9c10 code [0x0000021cdf2c9e40, 0x0000021cdf2ca4a8]
Event: 194.625 Thread 0x0000021cea437660 4929       1       java.util.concurrent.ScheduledThreadPoolExecutor$DelayedWorkQueue::add (9 bytes)
Event: 194.626 Thread 0x0000021cea437660 nmethod 4929 0x0000021cdf2c9890 code [0x0000021cdf2c9a20, 0x0000021cdf2c9b48]
Event: 194.626 Thread 0x0000021cea437660 4930       1       java.util.concurrent.ThreadPoolExecutor::ensurePrestart (41 bytes)
Event: 194.627 Thread 0x0000021cea437660 nmethod 4930 0x0000021cdf2c9490 code [0x0000021cdf2c9640, 0x0000021cdf2c97b8]
Event: 194.755 Thread 0x0000021cea437660 4931   !   1       java.util.concurrent.ScheduledThreadPoolExecutor$DelayedWorkQueue::offer (123 bytes)
Event: 194.756 Thread 0x0000021cea437660 nmethod 4931 0x0000021cdf2c8210 code [0x0000021cdf2c8480, 0x0000021cdf2c8d08]
Event: 194.953 Thread 0x0000021cea437660 4932       1       sun.rmi.transport.StreamRemoteCall::<init> (35 bytes)
Event: 194.953 Thread 0x0000021cea437660 nmethod 4932 0x0000021cdf2c7e10 code [0x0000021cdf2c7fa0, 0x0000021cdf2c8178]
Event: 194.953 Thread 0x0000021cea437660 4933   !   1       sun.rmi.transport.Transport::serviceCall (349 bytes)

GC Heap History (20 events):
Event: 1.316 GC heap before
{Heap before GC invocations=1 (full 0):
 garbage-first heap   total 126976K, used 27477K [0x0000000084400000, 0x0000000100000000)
  region size 1024K, 25 young (25600K), 3 survivors (3072K)
 Metaspace       used 21259K, committed 21504K, reserved 1073152K
  class space    used 2370K, committed 2496K, reserved 1048576K
}
Event: 1.322 GC heap after
{Heap after GC invocations=2 (full 0):
 garbage-first heap   total 126976K, used 7757K [0x0000000084400000, 0x0000000100000000)
  region size 1024K, 2 young (2048K), 2 survivors (2048K)
 Metaspace       used 21259K, committed 21504K, reserved 1073152K
  class space    used 2370K, committed 2496K, reserved 1048576K
}
Event: 2.624 GC heap before
{Heap before GC invocations=3 (full 0):
 garbage-first heap   total 30720K, used 23117K [0x0000000084400000, 0x0000000100000000)
  region size 1024K, 18 young (18432K), 2 survivors (2048K)
 Metaspace       used 24758K, committed 25024K, reserved 1073152K
  class space    used 2860K, committed 2944K, reserved 1048576K
}
Event: 2.629 GC heap after
{Heap after GC invocations=4 (full 0):
 garbage-first heap   total 30720K, used 8622K [0x0000000084400000, 0x0000000100000000)
  region size 1024K, 3 young (3072K), 3 survivors (3072K)
 Metaspace       used 24758K, committed 25024K, reserved 1073152K
  class space    used 2860K, committed 2944K, reserved 1048576K
}
Event: 2.896 GC heap before
{Heap before GC invocations=4 (full 0):
 garbage-first heap   total 30720K, used 20910K [0x0000000084400000, 0x0000000100000000)
  region size 1024K, 16 young (16384K), 3 survivors (3072K)
 Metaspace       used 27639K, committed 27904K, reserved 1073152K
  class space    used 3305K, committed 3456K, reserved 1048576K
}
Event: 2.900 GC heap after
{Heap after GC invocations=5 (full 0):
 garbage-first heap   total 30720K, used 9361K [0x0000000084400000, 0x0000000100000000)
  region size 1024K, 2 young (2048K), 2 survivors (2048K)
 Metaspace       used 27639K, committed 27904K, reserved 1073152K
  class space    used 3305K, committed 3456K, reserved 1048576K
}
Event: 3.106 GC heap before
{Heap before GC invocations=5 (full 0):
 garbage-first heap   total 30720K, used 22673K [0x0000000084400000, 0x0000000100000000)
  region size 1024K, 15 young (15360K), 2 survivors (2048K)
 Metaspace       used 29013K, committed 29248K, reserved 1081344K
  class space    used 3488K, committed 3584K, reserved 1048576K
}
Event: 3.112 GC heap after
{Heap after GC invocations=6 (full 0):
 garbage-first heap   total 30720K, used 10699K [0x0000000084400000, 0x0000000100000000)
  region size 1024K, 2 young (2048K), 2 survivors (2048K)
 Metaspace       used 29013K, committed 29248K, reserved 1081344K
  class space    used 3488K, committed 3584K, reserved 1048576K
}
Event: 3.351 GC heap before
{Heap before GC invocations=6 (full 0):
 garbage-first heap   total 30720K, used 22987K [0x0000000084400000, 0x0000000100000000)
  region size 1024K, 14 young (14336K), 2 survivors (2048K)
 Metaspace       used 29393K, committed 29632K, reserved 1081344K
  class space    used 3551K, committed 3648K, reserved 1048576K
}
Event: 3.357 GC heap after
{Heap after GC invocations=7 (full 0):
 garbage-first heap   total 30720K, used 11793K [0x0000000084400000, 0x0000000100000000)
  region size 1024K, 1 young (1024K), 1 survivors (1024K)
 Metaspace       used 29393K, committed 29632K, reserved 1081344K
  class space    used 3551K, committed 3648K, reserved 1048576K
}
Event: 3.593 GC heap before
{Heap before GC invocations=7 (full 0):
 garbage-first heap   total 30720K, used 23057K [0x0000000084400000, 0x0000000100000000)
  region size 1024K, 12 young (12288K), 1 survivors (1024K)
 Metaspace       used 30638K, committed 30912K, reserved 1081344K
  class space    used 3738K, committed 3840K, reserved 1048576K
}
Event: 3.603 GC heap after
{Heap after GC invocations=8 (full 0):
 garbage-first heap   total 30720K, used 12516K [0x0000000084400000, 0x0000000100000000)
  region size 1024K, 2 young (2048K), 2 survivors (2048K)
 Metaspace       used 30638K, committed 30912K, reserved 1081344K
  class space    used 3738K, committed 3840K, reserved 1048576K
}
Event: 3.862 GC heap before
{Heap before GC invocations=8 (full 0):
 garbage-first heap   total 30720K, used 23780K [0x0000000084400000, 0x0000000100000000)
  region size 1024K, 13 young (13312K), 2 survivors (2048K)
 Metaspace       used 32012K, committed 32320K, reserved 1081344K
  class space    used 3951K, committed 4096K, reserved 1048576K
}
Event: 3.866 GC heap after
{Heap after GC invocations=9 (full 0):
 garbage-first heap   total 78848K, used 13614K [0x0000000084400000, 0x0000000100000000)
  region size 1024K, 2 young (2048K), 2 survivors (2048K)
 Metaspace       used 32012K, committed 32320K, reserved 1081344K
  class space    used 3951K, committed 4096K, reserved 1048576K
}
Event: 4.292 GC heap before
{Heap before GC invocations=9 (full 0):
 garbage-first heap   total 78848K, used 38190K [0x0000000084400000, 0x0000000100000000)
  region size 1024K, 26 young (26624K), 2 survivors (2048K)
 Metaspace       used 35685K, committed 35968K, reserved 1081344K
  class space    used 4430K, committed 4544K, reserved 1048576K
}
Event: 4.303 GC heap after
{Heap after GC invocations=10 (full 0):
 garbage-first heap   total 78848K, used 15403K [0x0000000084400000, 0x0000000100000000)
  region size 1024K, 4 young (4096K), 4 survivors (4096K)
 Metaspace       used 35685K, committed 35968K, reserved 1081344K
  class space    used 4430K, committed 4544K, reserved 1048576K
}
Event: 4.995 GC heap before
{Heap before GC invocations=11 (full 0):
 garbage-first heap   total 58368K, used 47147K [0x0000000084400000, 0x0000000100000000)
  region size 1024K, 34 young (34816K), 4 survivors (4096K)
 Metaspace       used 39557K, committed 39936K, reserved 1089536K
  class space    used 5044K, committed 5184K, reserved 1048576K
}
Event: 4.999 GC heap after
{Heap after GC invocations=12 (full 0):
 garbage-first heap   total 58368K, used 18376K [0x0000000084400000, 0x0000000100000000)
  region size 1024K, 5 young (5120K), 5 survivors (5120K)
 Metaspace       used 39557K, committed 39936K, reserved 1089536K
  class space    used 5044K, committed 5184K, reserved 1048576K
}
Event: 5.800 GC heap before
{Heap before GC invocations=12 (full 0):
 garbage-first heap   total 58368K, used 42952K [0x0000000084400000, 0x0000000100000000)
  region size 1024K, 29 young (29696K), 5 survivors (5120K)
 Metaspace       used 41796K, committed 42176K, reserved 1089536K
  class space    used 5408K, committed 5568K, reserved 1048576K
}
Event: 5.805 GC heap after
{Heap after GC invocations=13 (full 0):
 garbage-first heap   total 58368K, used 19912K [0x0000000084400000, 0x0000000100000000)
  region size 1024K, 2 young (2048K), 2 survivors (2048K)
 Metaspace       used 41796K, committed 42176K, reserved 1089536K
  class space    used 5408K, committed 5568K, reserved 1048576K
}

Deoptimization events (16 events):
Event: 0.801 Thread 0x0000021cd9e98010 DEOPT PACKING pc=0x0000021cdf399f75 sp=0x0000003e659fda60
Event: 0.801 Thread 0x0000021cd9e98010 DEOPT UNPACKING pc=0x0000021cdf0a6763 sp=0x0000003e659fceb8 mode 3
Event: 1.407 Thread 0x0000021cd9e98010 DEOPT PACKING pc=0x0000021cdf5b5f8c sp=0x0000003e659fe170
Event: 1.407 Thread 0x0000021cd9e98010 DEOPT UNPACKING pc=0x0000021cdf0a6763 sp=0x0000003e659fd638 mode 0
Event: 2.845 Thread 0x0000021cd9e98010 DEOPT PACKING pc=0x0000021cdf21fb99 sp=0x0000003e659fd470
Event: 2.845 Thread 0x0000021cd9e98010 DEOPT UNPACKING pc=0x0000021cdf0a6763 sp=0x0000003e659fc950 mode 3
Event: 3.384 Thread 0x0000021cd9e98010 DEOPT PACKING pc=0x0000021cdf69bd05 sp=0x0000003e659fde10
Event: 3.384 Thread 0x0000021cd9e98010 DEOPT UNPACKING pc=0x0000021cdf0a6763 sp=0x0000003e659fd370 mode 3
Event: 3.869 Thread 0x0000021cd9e98010 DEOPT PACKING pc=0x0000021cdf841ef5 sp=0x0000003e659fcf50
Event: 3.869 Thread 0x0000021cd9e98010 DEOPT UNPACKING pc=0x0000021cdf0a6763 sp=0x0000003e659fc3c0 mode 3
Event: 4.597 Thread 0x0000021cd9e98010 DEOPT PACKING pc=0x0000021cdf8c47fd sp=0x0000003e659fc830
Event: 4.597 Thread 0x0000021cd9e98010 DEOPT UNPACKING pc=0x0000021cdf0a6763 sp=0x0000003e659fbd98 mode 3
Event: 5.694 Thread 0x0000021cec30f6f0 DEOPT PACKING pc=0x0000021cdf2820d2 sp=0x0000003e66afc6a0
Event: 5.694 Thread 0x0000021cec30f6f0 DEOPT UNPACKING pc=0x0000021cdf0a6763 sp=0x0000003e66afbba8 mode 3
Event: 5.745 Thread 0x0000021cec30f6f0 DEOPT PACKING pc=0x0000021cdf28c545 sp=0x0000003e66afbef0
Event: 5.745 Thread 0x0000021cec30f6f0 DEOPT UNPACKING pc=0x0000021cdf0a6763 sp=0x0000003e66afb438 mode 3

Classes unloaded (0 events):
No events

Classes redefined (0 events):
No events

Internal exceptions (20 events):
Event: 5.642 Thread 0x0000021cec30f6f0 Exception <a 'java/lang/ClassNotFoundException'{0x0000000086cd1a98}: org/springframework/context/support/LiveBeansView> (0x0000000086cd1a98) 
thrown [e:\jenkins\tmp\workspace\build\src\src\hotspot\share\classfile\systemDictionary.cpp, line 256]
Event: 5.642 Thread 0x0000021cec30f6f0 Exception <a 'java/lang/ClassNotFoundException'{0x0000000086cd1e48}: org/springframework/boot/actuate/endpoint/jmx/EndpointMBean> (0x0000000086cd1e48) 
thrown [e:\jenkins\tmp\workspace\build\src\src\hotspot\share\classfile\systemDictionary.cpp, line 256]
Event: 5.642 Thread 0x0000021cec30f6f0 Exception <a 'java/lang/ClassNotFoundException'{0x0000000086cd21f8}: org/springframework/boot/actuate/endpoint/jmx/DataEndpointMBean> (0x0000000086cd21f8) 
thrown [e:\jenkins\tmp\workspace\build\src\src\hotspot\share\classfile\systemDictionary.cpp, line 256]
Event: 5.642 Thread 0x0000021cec30f6f0 Exception <a 'java/lang/ClassNotFoundException'{0x0000000086cd25a0}: org/springframework/context/support/LiveBeansView> (0x0000000086cd25a0) 
thrown [e:\jenkins\tmp\workspace\build\src\src\hotspot\share\classfile\systemDictionary.cpp, line 256]
Event: 5.644 Thread 0x0000021cec30f6f0 Exception <a 'java/lang/ClassNotFoundException'{0x0000000086b1dbd0}: org/springframework/boot/actuate/endpoint/jmx/EndpointMBean> (0x0000000086b1dbd0) 
thrown [e:\jenkins\tmp\workspace\build\src\src\hotspot\share\classfile\systemDictionary.cpp, line 256]
Event: 5.646 Thread 0x0000021cec30f6f0 Exception <a 'java/lang/ClassNotFoundException'{0x0000000086b66d58}: org/springframework/boot/actuate/endpoint/jmx/DataEndpointMBean> (0x0000000086b66d58) 
thrown [e:\jenkins\tmp\workspace\build\src\src\hotspot\share\classfile\systemDictionary.cpp, line 256]
Event: 5.647 Thread 0x0000021cec30f6f0 Exception <a 'java/lang/ClassNotFoundException'{0x0000000086bb28d0}: org/springframework/context/support/LiveBeansView> (0x0000000086bb28d0) 
thrown [e:\jenkins\tmp\workspace\build\src\src\hotspot\share\classfile\systemDictionary.cpp, line 256]
Event: 5.648 Thread 0x0000021cec30f6f0 Exception <a 'java/lang/ClassNotFoundException'{0x0000000086bb5a70}: org/springframework/boot/actuate/endpoint/jmx/EndpointMBean> (0x0000000086bb5a70) 
thrown [e:\jenkins\tmp\workspace\build\src\src\hotspot\share\classfile\systemDictionary.cpp, line 256]
Event: 5.648 Thread 0x0000021cec30f6f0 Exception <a 'java/lang/ClassNotFoundException'{0x0000000086bb5e48}: org/springframework/boot/actuate/endpoint/jmx/DataEndpointMBean> (0x0000000086bb5e48) 
thrown [e:\jenkins\tmp\workspace\build\src\src\hotspot\share\classfile\systemDictionary.cpp, line 256]
Event: 5.648 Thread 0x0000021cec30f6f0 Exception <a 'java/lang/ClassNotFoundException'{0x0000000086bb61f8}: org/springframework/context/support/LiveBeansView> (0x0000000086bb61f8) 
thrown [e:\jenkins\tmp\workspace\build\src\src\hotspot\share\classfile\systemDictionary.cpp, line 256]
Event: 5.648 Thread 0x0000021cec30f6f0 Exception <a 'java/lang/ClassNotFoundException'{0x0000000086bb65b0}: org/springframework/boot/actuate/endpoint/jmx/EndpointMBean> (0x0000000086bb65b0) 
thrown [e:\jenkins\tmp\workspace\build\src\src\hotspot\share\classfile\systemDictionary.cpp, line 256]
Event: 5.648 Thread 0x0000021cec30f6f0 Exception <a 'java/lang/ClassNotFoundException'{0x0000000086bb6968}: org/springframework/boot/actuate/endpoint/jmx/DataEndpointMBean> (0x0000000086bb6968) 
thrown [e:\jenkins\tmp\workspace\build\src\src\hotspot\share\classfile\systemDictionary.cpp, line 256]
Event: 5.648 Thread 0x0000021cec30f6f0 Exception <a 'java/lang/ClassNotFoundException'{0x0000000086bb6d18}: org/springframework/context/support/LiveBeansView> (0x0000000086bb6d18) 
thrown [e:\jenkins\tmp\workspace\build\src\src\hotspot\share\classfile\systemDictionary.cpp, line 256]
Event: 5.649 Thread 0x0000021cec30f6f0 Exception <a 'java/lang/reflect/InvocationTargetException'{0x0000000086bbb198}> (0x0000000086bbb198) 
thrown [e:\jenkins\tmp\workspace\build\src\src\hotspot\share\runtime\reflection.cpp, line 1121]
Event: 5.653 Thread 0x0000021cec30f6f0 Exception <a 'java/lang/NoSuchMethodError'{0x0000000086beaa10}: 'void java.lang.invoke.DirectMethodHandle$Holder.invokeSpecial(java.lang.Object, java.lang.Object, java.lang.Object, java.lang.Object, java.lang.Object, java.lang.Object, java.lang.Object)'> (0x0000000086beaa10) 
thrown [e:\jenkins\tmp\workspace\build\src\src\hotspot\share\interpreter\linkResolver.cpp, line 766]
Event: 5.763 Thread 0x0000021cec30f6f0 Exception <a 'java/lang/reflect/InvocationTargetException'{0x000000008651d088}> (0x000000008651d088) 
thrown [e:\jenkins\tmp\workspace\build\src\src\hotspot\share\runtime\reflection.cpp, line 1121]
Event: 5.765 Thread 0x0000021cec30f6f0 Exception <a 'java/lang/reflect/InvocationTargetException'{0x00000000865211f0}> (0x00000000865211f0) 
thrown [e:\jenkins\tmp\workspace\build\src\src\hotspot\share\runtime\reflection.cpp, line 1121]
Event: 26.267 Thread 0x0000021cecb36980 Exception <a 'java/lang/NoSuchMethodError'{0x0000000087781570}: 'void java.lang.invoke.DirectMethodHandle$Holder.invokeSpecial(java.lang.Object, java.lang.Object, java.lang.Object, java.lang.Object, java.lang.Object, java.lang.Object, java.lang.Object, java.lang.Object)'> (0x0000000087781570) 
thrown [e:\jenkins\tmp\workspace\build\src\src\hotspot\share\interpreter\linkResolver.cpp, line 766]
Event: 26.268 Thread 0x0000021cecb36980 Exception <a 'java/lang/NoSuchMethodError'{0x000000008778bd70}: 'java.lang.Object java.lang.invoke.DirectMethodHandle$Holder.newInvokeSpecial(java.lang.Object, java.lang.Object, java.lang.Object, java.lang.Object, java.lang.Object, java.lang.Object, java.lang.Object)'> (0x000000008778bd70) 
thrown [e:\jenkins\tmp\workspace\build\src\src\hotspot\share\interpreter\linkResolver.cpp, line 766]
Event: 26.268 Thread 0x0000021cecb36980 Exception <a 'java/lang/NoSuchMethodError'{0x0000000087790278}: 'java.lang.Object java.lang.invoke.Invokers$Holder.linkToTargetMethod(java.lang.Object, java.lang.Object, java.lang.Object, java.lang.Object, java.lang.Object, java.lang.Object, java.lang.Object)'> (0x0000000087790278) 
thrown [e:\jenkins\tmp\workspace\build\src\src\hotspot\share\interpreter\linkResolver.cpp, line 766]

VM Operations (20 events):
Event: 62.211 Executing VM operation: Cleanup
Event: 62.211 Executing VM operation: Cleanup done
Event: 66.262 Executing VM operation: Cleanup
Event: 66.262 Executing VM operation: Cleanup done
Event: 69.299 Executing VM operation: Cleanup
Event: 69.299 Executing VM operation: Cleanup done
Event: 70.313 Executing VM operation: Cleanup
Event: 70.313 Executing VM operation: Cleanup done
Event: 81.426 Executing VM operation: Cleanup
Event: 81.426 Executing VM operation: Cleanup done
Event: 83.444 Executing VM operation: Cleanup
Event: 83.444 Executing VM operation: Cleanup done
Event: 84.454 Executing VM operation: Cleanup
Event: 84.454 Executing VM operation: Cleanup done
Event: 121.795 Executing VM operation: Cleanup
Event: 121.795 Executing VM operation: Cleanup done
Event: 129.865 Executing VM operation: Cleanup
Event: 129.865 Executing VM operation: Cleanup done
Event: 132.900 Executing VM operation: Cleanup
Event: 132.900 Executing VM operation: Cleanup done

Events (20 events):
Event: 26.130 loading class java/lang/invoke/ConstantBootstraps done
Event: 26.176 loading class sun/nio/cs/ThreadLocalCoders
Event: 26.176 loading class sun/nio/cs/ThreadLocalCoders done
Event: 26.176 loading class sun/nio/cs/ThreadLocalCoders$1
Event: 26.176 loading class sun/nio/cs/ThreadLocalCoders$Cache
Event: 26.176 loading class sun/nio/cs/ThreadLocalCoders$Cache done
Event: 26.176 loading class sun/nio/cs/ThreadLocalCoders$1 done
Event: 26.176 loading class sun/nio/cs/ThreadLocalCoders$2
Event: 26.176 loading class sun/nio/cs/ThreadLocalCoders$2 done
Event: 26.257 loading class java/util/concurrent/CompletionStage
Event: 26.257 loading class java/util/concurrent/CompletionStage done
Event: 26.263 loading class java/nio/StringCharBuffer
Event: 26.264 loading class java/nio/StringCharBuffer done
Event: 62.832 Thread 0x0000021cec30fbc0 Thread exited: 0x0000021cec30fbc0
Event: 91.016 Thread 0x0000021ceb13e140 Thread exited: 0x0000021ceb13e140
Event: 91.016 Thread 0x0000021cec096970 Thread exited: 0x0000021cec096970
Event: 91.016 Thread 0x0000021cecb7a8a0 Thread exited: 0x0000021cecb7a8a0
Event: 91.016 Thread 0x0000021cecb79f00 Thread exited: 0x0000021cecb79f00
Event: 91.016 Thread 0x0000021cecb79090 Thread exited: 0x0000021cecb79090
Event: 91.016 Thread 0x0000021cecb79560 Thread exited: 0x0000021cecb79560


Dynamic libraries:
0x00007ff7777e0000 - 0x00007ff7777ee000 	D:\sts-4.14.1.RELEASE\plugins\org.eclipse.justj.openjdk.hotspot.jre.full.win32.x86_64_17.0.2.v20220201-1208\jre\bin\javaw.exe
0x00007ffc32d50000 - 0x00007ffc32f48000 	C:\WINDOWS\SYSTEM32\ntdll.dll
0x00007ffc32aa0000 - 0x00007ffc32b5f000 	C:\WINDOWS\System32\KERNEL32.DLL
0x00007ffc327c0000 - 0x00007ffc32a92000 	C:\WINDOWS\System32\KERNELBASE.dll
0x0000000025980000 - 0x00000000259bb000 	C:\WINDOWS\System32\cyinjct.dll
0x00007ffc32640000 - 0x00007ffc3264c000 	C:\WINDOWS\System32\ntnativeapi.dll
0x00007ffc29510000 - 0x00007ffc29528000 	D:\sts-4.14.1.RELEASE\plugins\org.eclipse.justj.openjdk.hotspot.jre.full.win32.x86_64_17.0.2.v20220201-1208\jre\bin\jli.dll
0x0000021cd9a20000 - 0x0000021cd9bc1000 	C:\WINDOWS\System32\USER32.dll
0x00007ffc307f0000 - 0x00007ffc30812000 	C:\WINDOWS\System32\win32u.dll
0x00007ffc32180000 - 0x00007ffc321ab000 	C:\WINDOWS\System32\GDI32.dll
0x00007ffc30320000 - 0x00007ffc3042f000 	C:\WINDOWS\System32\gdi32full.dll
0x00007ffc306a0000 - 0x00007ffc3073d000 	C:\WINDOWS\System32\msvcp_win.dll
0x0000021cd9bd0000 - 0x0000021cd9cd0000 	C:\WINDOWS\System32\ucrtbase.dll
0x00007ffc2a6f0000 - 0x00007ffc2a709000 	D:\sts-4.14.1.RELEASE\plugins\org.eclipse.justj.openjdk.hotspot.jre.full.win32.x86_64_17.0.2.v20220201-1208\jre\bin\VCRUNTIME140.dll
0x00007ffc1d960000 - 0x00007ffc1dbfa000 	C:\WINDOWS\WinSxS\amd64_microsoft.windows.common-controls_6595b64144ccf1df_6.0.19041.1110_none_60b5254171f9507e\COMCTL32.dll
0x00007ffc31dc0000 - 0x00007ffc31e5e000 	C:\WINDOWS\System32\msvcrt.dll
0x00007ffc32620000 - 0x00007ffc3263e000 	C:\WINDOWS\System32\cyvera.dll
0x00007ffc325b0000 - 0x00007ffc32618000 	C:\WINDOWS\System32\cyvrtrap.dll
0x00007ffc321b0000 - 0x00007ffc321e2000 	C:\WINDOWS\System32\IMM32.DLL
0x00007ffc2c2b0000 - 0x00007ffc2c2bc000 	D:\sts-4.14.1.RELEASE\plugins\org.eclipse.justj.openjdk.hotspot.jre.full.win32.x86_64_17.0.2.v20220201-1208\jre\bin\vcruntime140_1.dll
0x00007ffc10620000 - 0x00007ffc106b1000 	D:\sts-4.14.1.RELEASE\plugins\org.eclipse.justj.openjdk.hotspot.jre.full.win32.x86_64_17.0.2.v20220201-1208\jre\bin\msvcp140.dll
0x00007ffbb3b20000 - 0x00007ffbb4767000 	D:\sts-4.14.1.RELEASE\plugins\org.eclipse.justj.openjdk.hotspot.jre.full.win32.x86_64_17.0.2.v20220201-1208\jre\bin\server\jvm.dll
0x00007ffc31400000 - 0x00007ffc314ae000 	C:\WINDOWS\System32\ADVAPI32.dll
0x00007ffc32070000 - 0x00007ffc3210c000 	C:\WINDOWS\System32\sechost.dll
0x00007ffc32690000 - 0x00007ffc327b5000 	C:\WINDOWS\System32\RPCRT4.dll
0x00007ffc31c10000 - 0x00007ffc31c18000 	C:\WINDOWS\System32\PSAPI.DLL
0x00007ffc2c260000 - 0x00007ffc2c269000 	C:\WINDOWS\SYSTEM32\WSOCK32.dll
0x00007ffc322a0000 - 0x00007ffc3230b000 	C:\WINDOWS\System32\WS2_32.dll
0x00007ffc17a60000 - 0x00007ffc17a87000 	C:\WINDOWS\SYSTEM32\WINMM.dll
0x00007ffc28660000 - 0x00007ffc2866a000 	C:\WINDOWS\SYSTEM32\VERSION.dll
0x00007ffc2ef00000 - 0x00007ffc2ef12000 	C:\WINDOWS\SYSTEM32\kernel.appcore.dll
0x00007ffc2c250000 - 0x00007ffc2c25a000 	D:\sts-4.14.1.RELEASE\plugins\org.eclipse.justj.openjdk.hotspot.jre.full.win32.x86_64_17.0.2.v20220201-1208\jre\bin\jimage.dll
0x00007ffc2e870000 - 0x00007ffc2ea54000 	C:\WINDOWS\SYSTEM32\DBGHELP.DLL
0x00007ffc1dc00000 - 0x00007ffc1dc35000 	C:\WINDOWS\SYSTEM32\dbgcore.DLL
0x00007ffc30610000 - 0x00007ffc30692000 	C:\WINDOWS\System32\bcryptPrimitives.dll
0x00007ffc32570000 - 0x00007ffc325a7000 	C:\Program Files\Palo Alto Networks\Traps\cyjagent.dll
0x00007ffc2a590000 - 0x00007ffc2a5b5000 	D:\sts-4.14.1.RELEASE\plugins\org.eclipse.justj.openjdk.hotspot.jre.full.win32.x86_64_17.0.2.v20220201-1208\jre\bin\java.dll
0x00007ffc294a0000 - 0x00007ffc294b8000 	D:\sts-4.14.1.RELEASE\plugins\org.eclipse.justj.openjdk.hotspot.jre.full.win32.x86_64_17.0.2.v20220201-1208\jre\bin\zip.dll
0x00007ffc314b0000 - 0x00007ffc31bf4000 	C:\WINDOWS\System32\SHELL32.dll
0x00007ffc2e000000 - 0x00007ffc2e792000 	C:\WINDOWS\SYSTEM32\windows.storage.dll
0x00007ffc30a70000 - 0x00007ffc30dc5000 	C:\WINDOWS\System32\combase.dll
0x00007ffc2fd80000 - 0x00007ffc2fdb0000 	C:\WINDOWS\SYSTEM32\Wldp.dll
0x00007ffc32310000 - 0x00007ffc323bd000 	C:\WINDOWS\System32\SHCORE.dll
0x00007ffc32010000 - 0x00007ffc32065000 	C:\WINDOWS\System32\shlwapi.dll
0x00007ffc30260000 - 0x00007ffc3027f000 	C:\WINDOWS\SYSTEM32\profapi.dll
0x00007ffc23bd0000 - 0x00007ffc23be9000 	D:\sts-4.14.1.RELEASE\plugins\org.eclipse.justj.openjdk.hotspot.jre.full.win32.x86_64_17.0.2.v20220201-1208\jre\bin\net.dll
0x00007ffc2a9c0000 - 0x00007ffc2aacc000 	C:\WINDOWS\SYSTEM32\WINHTTP.dll
0x00007ffc2fae0000 - 0x00007ffc2fb4a000 	C:\WINDOWS\system32\mswsock.dll
0x00007ffc22ff0000 - 0x00007ffc23005000 	D:\sts-4.14.1.RELEASE\plugins\org.eclipse.justj.openjdk.hotspot.jre.full.win32.x86_64_17.0.2.v20220201-1208\jre\bin\nio.dll
0x00007ffc2a630000 - 0x00007ffc2a639000 	D:\sts-4.14.1.RELEASE\plugins\org.eclipse.justj.openjdk.hotspot.jre.full.win32.x86_64_17.0.2.v20220201-1208\jre\bin\management.dll
0x00007ffc29620000 - 0x00007ffc2962b000 	D:\sts-4.14.1.RELEASE\plugins\org.eclipse.justj.openjdk.hotspot.jre.full.win32.x86_64_17.0.2.v20220201-1208\jre\bin\management_ext.dll
0x00007ffc070b0000 - 0x00007ffc070c7000 	C:\WINDOWS\system32\napinsp.dll
0x00007ffc06f10000 - 0x00007ffc06f2b000 	C:\WINDOWS\system32\pnrpnsp.dll
0x00007ffc2b3d0000 - 0x00007ffc2b3ed000 	C:\WINDOWS\system32\NLAapi.dll
0x00007ffc2f780000 - 0x00007ffc2f7bb000 	C:\WINDOWS\SYSTEM32\IPHLPAPI.DLL
0x00007ffc2b1d0000 - 0x00007ffc2b1e5000 	C:\WINDOWS\system32\wshbth.dll
0x00007ffc2f7d0000 - 0x00007ffc2f89a000 	C:\WINDOWS\SYSTEM32\DNSAPI.dll
0x00007ffc32110000 - 0x00007ffc32118000 	C:\WINDOWS\System32\NSI.dll
0x00007ffc06ef0000 - 0x00007ffc06f02000 	C:\WINDOWS\System32\winrnr.dll
0x00007ffc24d80000 - 0x00007ffc24d8a000 	C:\Windows\System32\rasadhlp.dll
0x00007ffc2a7a0000 - 0x00007ffc2a820000 	C:\WINDOWS\System32\fwpuclnt.dll
0x00007ffc305e0000 - 0x00007ffc30607000 	C:\WINDOWS\System32\bcrypt.dll
0x00007ffc2fcd0000 - 0x00007ffc2fce8000 	C:\WINDOWS\SYSTEM32\CRYPTSP.dll
0x00007ffc2f390000 - 0x00007ffc2f3c4000 	C:\WINDOWS\system32\rsaenh.dll
0x00007ffc30220000 - 0x00007ffc3024e000 	C:\WINDOWS\SYSTEM32\USERENV.dll
0x00007ffc2fcf0000 - 0x00007ffc2fcfc000 	C:\WINDOWS\SYSTEM32\CRYPTBASE.dll
0x00007ffc29af0000 - 0x00007ffc29b07000 	C:\WINDOWS\SYSTEM32\dhcpcsvc6.DLL
0x00007ffc298c0000 - 0x00007ffc298dd000 	C:\WINDOWS\SYSTEM32\dhcpcsvc.DLL
0x00007ffc2a650000 - 0x00007ffc2a660000 	D:\sts-4.14.1.RELEASE\plugins\org.eclipse.justj.openjdk.hotspot.jre.full.win32.x86_64_17.0.2.v20220201-1208\jre\bin\verify.dll
0x00007ffc29500000 - 0x00007ffc2950e000 	D:\sts-4.14.1.RELEASE\plugins\org.eclipse.justj.openjdk.hotspot.jre.full.win32.x86_64_17.0.2.v20220201-1208\jre\bin\sunmscapi.dll
0x00007ffc30480000 - 0x00007ffc305d6000 	C:\WINDOWS\System32\CRYPT32.dll
0x00007ffc2fdf0000 - 0x00007ffc2fe17000 	C:\WINDOWS\SYSTEM32\ncrypt.dll
0x00007ffc2fdb0000 - 0x00007ffc2fdeb000 	C:\WINDOWS\SYSTEM32\NTASN1.dll
0x00007ffc294e0000 - 0x00007ffc294e7000 	C:\WINDOWS\system32\wshunix.dll

dbghelp: loaded successfully - version: 4.0.5 - missing functions: none
symbol engine: initialized successfully - sym options: 0x614 - pdb path: .;D:\sts-4.14.1.RELEASE\plugins\org.eclipse.justj.openjdk.hotspot.jre.full.win32.x86_64_17.0.2.v20220201-1208\jre\bin;C:\WINDOWS\SYSTEM32;C:\WINDOWS\WinSxS\amd64_microsoft.windows.common-controls_6595b64144ccf1df_6.0.19041.1110_none_60b5254171f9507e;D:\sts-4.14.1.RELEASE\plugins\org.eclipse.justj.openjdk.hotspot.jre.full.win32.x86_64_17.0.2.v20220201-1208\jre\bin\server;C:\Program Files\Palo Alto Networks\Traps

VM Arguments:
jvm_args: -Dcom.sun.management.jmxremote -Dcom.sun.management.jmxremote.port=54650 -Dcom.sun.management.jmxremote.authenticate=false -Dcom.sun.management.jmxremote.ssl=false -Djava.rmi.server.hostname=localhost -Dspring.jmx.enabled=true -Dspring.application.admin.enabled=true -XX:TieredStopAtLevel=1 -Dspring.boot.project.name=springCloudClient-2 -Dfile.encoding=UTF-8 -XX:+ShowCodeDetailsInExceptionMessages -agentpath:C:\Program Files\Palo Alto Networks\Traps\cyjagent.dll 
java_command: com.hcl.SpringCloudClient2Application --spring.output.ansi.enabled=always
java_class_path (initial): C:\Users\saqib\Documents\workspace-spring-tool-suite-4-4.14.1.RELEASE\springCloudClient-2\target\classes;C:\Users\saqib\.m2\repository\org\springframework\boot\spring-boot-starter-actuator\2.7.6\spring-boot-starter-actuator-2.7.6.jar;C:\Users\saqib\.m2\repository\org\springframework\boot\spring-boot-starter\2.7.6\spring-boot-starter-2.7.6.jar;C:\Users\saqib\.m2\repository\org\springframework\boot\spring-boot\2.7.6\spring-boot-2.7.6.jar;C:\Users\saqib\.m2\repository\org\springframework\boot\spring-boot-autoconfigure\2.7.6\spring-boot-autoconfigure-2.7.6.jar;C:\Users\saqib\.m2\repository\org\springframework\boot\spring-boot-starter-logging\2.7.6\spring-boot-starter-logging-2.7.6.jar;C:\Users\saqib\.m2\repository\ch\qos\logback\logback-classic\1.2.11\logback-classic-1.2.11.jar;C:\Users\saqib\.m2\repository\ch\qos\logback\logback-core\1.2.11\logback-core-1.2.11.jar;C:\Users\saqib\.m2\repository\org\apache\logging\log4j\log4j-to-slf4j\2.17.2\log4j-to-slf4j-2.17.2.jar;C:\Users\saqib\.m2\repository\org\apache\logging\log4j\log4j-api\2.17.2\log4j-api-2.17.2.jar;C:\Users\saqib\.m2\repository\org\slf4j\jul-to-slf4j\1.7.36\jul-to-slf4j-1.7.36.jar;C:\Users\saqib\.m2\repository\jakarta\annotation\jakarta.annotation-api\1.3.5\jakarta.annotation-api-1.3.5.jar;C:\Users\saqib\.m2\repository\org\yaml\snakeyaml\1.30\snakeyaml-1.30.jar;C:\Users\saqib\.m2\repository\org\springframework\boot\spring-boot-actuator-autoconfigure\2.7.6\spring-boot-actuator-autoconfigure-2.7.6.jar;C:\Users\saqib\.m2\repository\org\springframework\boot\spring-boot-actuator\2.7.6\spring-boot-actuator-2.7.6.jar;C:\Users\saqib\.m2\repository\com\fasterxml\jackson\datatype\jackson-datatype-jsr310\2.13.4\jackson-datatype-jsr310-2.13.4.jar;C:\Users\saqib\.m2\repository\io\micrometer\micrometer-core\1.9.6\micrometer-core-1.9.6.jar;C:\Users\saqib\.m2\repository\org\hdrhistogram\HdrHistogram\2.1.12\HdrHistogram-2.1.12.jar;C:\Users\saqib\.m2\repository\org\latencyutils\LatencyUtils\2.0.3\Lat
Launcher Type: SUN_STANDARD

[Global flags]
     intx CICompilerCount                          = 4                                         {product} {ergonomic}
     uint ConcGCThreads                            = 2                                         {product} {ergonomic}
     uint G1ConcRefinementThreads                  = 8                                         {product} {ergonomic}
   size_t G1HeapRegionSize                         = 1048576                                   {product} {ergonomic}
    uintx GCDrainStackTargetSize                   = 64                                        {product} {ergonomic}
   size_t InitialHeapSize                          = 130023424                                 {product} {ergonomic}
     bool ManagementServer                         = true                                      {product} {command line}
   size_t MarkStackSize                            = 4194304                                   {product} {ergonomic}
   size_t MaxHeapSize                              = 2076180480                                {product} {ergonomic}
   size_t MaxNewSize                               = 1245708288                                {product} {ergonomic}
   size_t MinHeapDeltaBytes                        = 1048576                                   {product} {ergonomic}
   size_t MinHeapSize                              = 8388608                                   {product} {ergonomic}
    uintx NonProfiledCodeHeapSize                  = 0                                      {pd product} {ergonomic}
     bool ProfileInterpreter                       = false                                  {pd product} {command line}
    uintx ProfiledCodeHeapSize                     = 0                                      {pd product} {ergonomic}
     bool ShowCodeDetailsInExceptionMessages       = true                                   {manageable} {command line}
   size_t SoftMaxHeapSize                          = 2076180480                             {manageable} {ergonomic}
     intx TieredStopAtLevel                        = 1                                         {product} {command line}
     bool UseCompressedClassPointers               = true                           {product lp64_product} {ergonomic}
     bool UseCompressedOops                        = true                           {product lp64_product} {ergonomic}
     bool UseG1GC                                  = true                                      {product} {ergonomic}
     bool UseLargePagesIndividualAllocation        = false                                  {pd product} {ergonomic}

Logging:
Log output configuration:
 #0: stdout all=warning uptime,level,tags
 #1: stderr all=off uptime,level,tags

Environment Variables:
JAVA_HOME=C:\Program Files\Java\jdk1.8.0_202
PATH=D:/sts-4.14.1.RELEASE//plugins/org.eclipse.justj.openjdk.hotspot.jre.full.win32.x86_64_17.0.2.v20220201-1208/jre/bin/server;D:/sts-4.14.1.RELEASE//plugins/org.eclipse.justj.openjdk.hotspot.jre.full.win32.x86_64_17.0.2.v20220201-1208/jre/bin;C:\WINDOWS\system32;C:\WINDOWS;C:\WINDOWS\system32\Wbem;C:\Program Files (x86)\Common Files\Oracle\Java\javapath;C:\WINDOWS\System32\WindowsPowerShell\v1.0\;C:\WINDOWS\System32\OpenSSH\;C:\Program Files\Git\cmd;C:\Program Files\Java\jdk1.8.0_202\bin;C:\Program Files\nodejs\;C:\Users\saqib\AppData\Local\Microsoft\WindowsApps;C:\Users\saqib\AppData\Local\Programs\Microsoft VS Code\bin;C:\Users\saqib\AppData\Roaming\npm;C:\Users\saqib\AppData\Roaming\npm\node_modules\@angular\cli\bin;;D:\sts-4.14.1.RELEASE;
USERNAME=saqib
OS=Windows_NT
PROCESSOR_IDENTIFIER=Intel64 Family 6 Model 140 Stepping 1, GenuineIntel



---------------  S Y S T E M  ---------------

OS:
 Windows 10 , 64 bit Build 19041 (10.0.19041.2251)
OS uptime: 0 days 13:51 hours

CPU: total 8 (initial active 8) (4 cores per cpu, 2 threads per core) family 6 model 140 stepping 1 microcode 0xa4, cx8, cmov, fxsr, ht, mmx, 3dnowpref, sse, sse2, sse3, ssse3, sse4.1, sse4.2, popcnt, lzcnt, tsc, tscinvbit, avx, avx2, aes, erms, clmul, bmi1, bmi2, adx, avx512f, avx512dq, avx512cd, avx512bw, avx512vl, sha, fma, vzeroupper, avx512_vpopcntdq, avx512_vpclmulqdq, avx512_vaes, avx512_vnni, clflush, clflushopt, clwb, avx512_vbmi2, avx512_vbmi

Memory: 4k page, system-wide physical 7914M (567M free)
TotalPageFile size 10414M (AvailPageFile size 0M)
current process WorkingSet (physical memory assigned to process): 162M, peak: 162M
current process commit charge ("private bytes"): 196M, peak: 228M

vm_info: OpenJDK 64-Bit Server VM (17.0.2+8) for windows-amd64 JRE (17.0.2+8), built on Jan 20 2022 04:52:34 by "" with MS VC++ 16.7 (VS2019)

END.
