2025-06-08 12:06:29,275 [Worker-7: Loading available Gradle versions] INFO  o.e.b.c.i.u.g.PublishedGradleVersions - Gradle version information cache is out-of-date. Trying to update.
2025-06-14 11:39:22,993 [Worker-5: Loading available Gradle versions] INFO  o.e.b.c.i.u.g.PublishedGradleVersions - Gradle version information cache is out-of-date. Trying to update.
2025-06-15 11:46:51,311 [Worker-6: Loading available Gradle versions] INFO  o.e.b.c.i.u.g.PublishedGradleVersions - Gradle version information cache is out-of-date. Trying to update.
2025-06-19 11:43:40,741 [Worker-6: Loading available Gradle versions] INFO  o.e.b.c.i.u.g.PublishedGradleVersions - Gradle version information cache is out-of-date. Trying to update.
2025-06-21 11:30:16,976 [Worker-4: Loading available Gradle versions] INFO  o.e.b.c.i.u.g.PublishedGradleVersions - Gradle version information cache is out-of-date. Trying to update.
2025-06-21 14:00:54,881 [Worker-85: Creating project "demo"] INFO  o.e.m.c.i.l.LifecycleMappingFactory - Using org.eclipse.m2e.jdt.JarLifecycleMapping lifecycle mapping for MavenProject: com.demo:demo:0.0.1-SNAPSHOT @ C:\gfg-2\javaFundamentals\demo\pom.xml.
2025-06-21 14:00:56,307 [Worker-85: Creating project "demo"] INFO  o.e.m.j.i.AbstractJavaProjectConfigurator - Adding source folder /demo/src/main/java
2025-06-21 14:00:56,312 [Worker-85: Creating project "demo"] INFO  o.e.m.j.i.AbstractJavaProjectConfigurator - Adding resource folder /demo/src/main/resources
2025-06-21 14:00:56,314 [Worker-85: Creating project "demo"] INFO  o.e.m.j.i.AbstractJavaProjectConfigurator - Adding source folder /demo/src/test/java
2025-06-21 14:00:56,315 [Worker-85: Creating project "demo"] INFO  o.e.m.j.i.AbstractJavaProjectConfigurator - Adding resource folder /demo/src/test/resources
2025-06-21 14:00:56,743 [Worker-85: Building] WARN  o.a.m.s.f.DefaultMavenResourcesFiltering - Using platform encoding (UTF-8 actually) to copy filtered resources, i.e. build is platform dependent!
2025-06-21 14:00:56,750 [Worker-85: Building] INFO  o.a.m.s.f.DefaultMavenResourcesFiltering - Copying 0 resource from src\main\resources to target\classes
2025-06-21 14:00:56,757 [Worker-85: Building] WARN  o.a.m.s.f.DefaultMavenResourcesFiltering - Using platform encoding (UTF-8 actually) to copy filtered resources, i.e. build is platform dependent!
2025-06-21 14:00:56,759 [Worker-85: Building] INFO  o.a.m.s.f.DefaultMavenResourcesFiltering - Copying 0 resource from src\test\resources to target\test-classes
2025-06-21 14:02:27,193 [Worker-83: Building] INFO  o.e.m.c.i.l.LifecycleMappingFactory - Using org.eclipse.m2e.jdt.JarLifecycleMapping lifecycle mapping for MavenProject: com.demo:demo:0.0.1-SNAPSHOT @ C:\gfg-2\javaFundamentals\demo\pom.xml.
2025-06-21 14:02:27,462 [Worker-83: Building] WARN  o.a.m.s.f.DefaultMavenResourcesFiltering - Using platform encoding (UTF-8 actually) to copy filtered resources, i.e. build is platform dependent!
2025-06-21 14:02:27,466 [Worker-83: Building] INFO  o.a.m.s.f.DefaultMavenResourcesFiltering - Copying 0 resource from src\main\resources to target\classes
2025-06-21 14:02:27,475 [Worker-83: Building] WARN  o.a.m.s.f.DefaultMavenResourcesFiltering - Using platform encoding (UTF-8 actually) to copy filtered resources, i.e. build is platform dependent!
2025-06-21 14:02:27,479 [Worker-83: Building] INFO  o.a.m.s.f.DefaultMavenResourcesFiltering - Copying 0 resource from src\test\resources to target\test-classes
2025-06-21 14:04:04,042 [Worker-85: Building] INFO  o.e.m.c.i.l.LifecycleMappingFactory - Using org.eclipse.m2e.jdt.JarLifecycleMapping lifecycle mapping for MavenProject: com.demo:demo:0.0.1-SNAPSHOT @ C:\gfg-2\javaFundamentals\demo\pom.xml.
2025-06-21 14:04:04,210 [Worker-85: Building] WARN  o.a.m.s.f.DefaultMavenResourcesFiltering - Using platform encoding (UTF-8 actually) to copy filtered resources, i.e. build is platform dependent!
2025-06-21 14:04:04,213 [Worker-85: Building] INFO  o.a.m.s.f.DefaultMavenResourcesFiltering - Copying 0 resource from src\main\resources to target\classes
2025-06-21 14:04:04,220 [Worker-85: Building] WARN  o.a.m.s.f.DefaultMavenResourcesFiltering - Using platform encoding (UTF-8 actually) to copy filtered resources, i.e. build is platform dependent!
2025-06-21 14:04:04,223 [Worker-85: Building] INFO  o.a.m.s.f.DefaultMavenResourcesFiltering - Copying 0 resource from src\test\resources to target\test-classes
2025-06-21 14:04:05,726 [Worker-88: Building] WARN  o.a.m.s.f.DefaultMavenResourcesFiltering - Using platform encoding (UTF-8 actually) to copy filtered resources, i.e. build is platform dependent!
2025-06-21 14:04:05,728 [Worker-88: Building] INFO  o.a.m.s.f.DefaultMavenResourcesFiltering - Copying 0 resource from src\main\resources to target\classes
2025-06-21 14:04:05,730 [Worker-88: Building] WARN  o.a.m.s.f.DefaultMavenResourcesFiltering - Using platform encoding (UTF-8 actually) to copy filtered resources, i.e. build is platform dependent!
2025-06-21 14:04:05,733 [Worker-88: Building] INFO  o.a.m.s.f.DefaultMavenResourcesFiltering - Copying 0 resource from src\test\resources to target\test-classes
2025-06-21 14:04:13,165 [Worker-87: Building] INFO  o.e.m.c.i.l.LifecycleMappingFactory - Using org.eclipse.m2e.jdt.JarLifecycleMapping lifecycle mapping for MavenProject: com.demo:demo:0.0.1-SNAPSHOT @ C:\gfg-2\javaFundamentals\demo\pom.xml.
2025-06-21 14:04:13,318 [Worker-87: Building] WARN  o.a.m.s.f.DefaultMavenResourcesFiltering - Using platform encoding (UTF-8 actually) to copy filtered resources, i.e. build is platform dependent!
2025-06-21 14:04:13,320 [Worker-87: Building] INFO  o.a.m.s.f.DefaultMavenResourcesFiltering - Copying 0 resource from src\main\resources to target\classes
2025-06-21 14:04:13,329 [Worker-87: Building] WARN  o.a.m.s.f.DefaultMavenResourcesFiltering - Using platform encoding (UTF-8 actually) to copy filtered resources, i.e. build is platform dependent!
2025-06-21 14:04:13,332 [Worker-87: Building] INFO  o.a.m.s.f.DefaultMavenResourcesFiltering - Copying 0 resource from src\test\resources to target\test-classes
2025-06-21 14:04:14,802 [Worker-83: Building] WARN  o.a.m.s.f.DefaultMavenResourcesFiltering - Using platform encoding (UTF-8 actually) to copy filtered resources, i.e. build is platform dependent!
2025-06-21 14:04:14,803 [Worker-83: Building] INFO  o.a.m.s.f.DefaultMavenResourcesFiltering - Copying 0 resource from src\main\resources to target\classes
2025-06-21 14:04:14,804 [Worker-83: Building] WARN  o.a.m.s.f.DefaultMavenResourcesFiltering - Using platform encoding (UTF-8 actually) to copy filtered resources, i.e. build is platform dependent!
2025-06-21 14:04:14,805 [Worker-83: Building] INFO  o.a.m.s.f.DefaultMavenResourcesFiltering - Copying 0 resource from src\test\resources to target\test-classes
2025-06-21 14:04:15,994 [Worker-86: Building] INFO  o.e.m.c.i.l.LifecycleMappingFactory - Using org.eclipse.m2e.jdt.JarLifecycleMapping lifecycle mapping for MavenProject: com.demo:demo:0.0.1-SNAPSHOT @ C:\gfg-2\javaFundamentals\demo\pom.xml.
2025-06-21 14:04:16,131 [Worker-86: Building] WARN  o.a.m.s.f.DefaultMavenResourcesFiltering - Using platform encoding (UTF-8 actually) to copy filtered resources, i.e. build is platform dependent!
2025-06-21 14:04:16,133 [Worker-86: Building] INFO  o.a.m.s.f.DefaultMavenResourcesFiltering - Copying 0 resource from src\main\resources to target\classes
2025-06-21 14:04:16,138 [Worker-86: Building] WARN  o.a.m.s.f.DefaultMavenResourcesFiltering - Using platform encoding (UTF-8 actually) to copy filtered resources, i.e. build is platform dependent!
2025-06-21 14:04:16,139 [Worker-86: Building] INFO  o.a.m.s.f.DefaultMavenResourcesFiltering - Copying 0 resource from src\test\resources to target\test-classes
2025-06-21 14:04:17,528 [Worker-88: Building] WARN  o.a.m.s.f.DefaultMavenResourcesFiltering - Using platform encoding (UTF-8 actually) to copy filtered resources, i.e. build is platform dependent!
2025-06-21 14:04:17,529 [Worker-88: Building] INFO  o.a.m.s.f.DefaultMavenResourcesFiltering - Copying 0 resource from src\main\resources to target\classes
2025-06-21 14:04:17,532 [Worker-88: Building] WARN  o.a.m.s.f.DefaultMavenResourcesFiltering - Using platform encoding (UTF-8 actually) to copy filtered resources, i.e. build is platform dependent!
2025-06-21 14:04:17,533 [Worker-88: Building] INFO  o.a.m.s.f.DefaultMavenResourcesFiltering - Copying 0 resource from src\test\resources to target\test-classes
2025-06-21 14:07:37,294 [Worker-83: Launching Executing install in C__gfg-2_javaFundamentals_demo] INFO  o.eclipse.m2e.core.internal.Bundles - getClasspathEntries(Bundle=org.eclipse.m2e.maven.runtime_3.9.900.20240824-1409 [642])
2025-06-21 14:07:37,296 [Worker-83: Launching Executing install in C__gfg-2_javaFundamentals_demo] INFO  o.eclipse.m2e.core.internal.Bundles - 	Entry: C:\Users\admin\.p2\pool\plugins\org.eclipse.m2e.maven.runtime_3.9.900.20240824-1409
2025-06-21 14:07:37,296 [Worker-83: Launching Executing install in C__gfg-2_javaFundamentals_demo] INFO  o.eclipse.m2e.core.internal.Bundles - 	Entry: C:\Users\admin\.p2\pool\plugins\org.eclipse.m2e.maven.runtime_3.9.900.20240824-1409\jars\aopalliance-1.0.jar
2025-06-21 14:07:37,296 [Worker-83: Launching Executing install in C__gfg-2_javaFundamentals_demo] INFO  o.eclipse.m2e.core.internal.Bundles - 	Entry: C:\Users\admin\.p2\pool\plugins\org.eclipse.m2e.maven.runtime_3.9.900.20240824-1409\jars\guice-5.1.0.jar
2025-06-21 14:07:37,297 [Worker-83: Launching Executing install in C__gfg-2_javaFundamentals_demo] INFO  o.eclipse.m2e.core.internal.Bundles - 	Entry: C:\Users\admin\.p2\pool\plugins\org.eclipse.m2e.maven.runtime_3.9.900.20240824-1409\jars\httpclient-4.5.14.jar
2025-06-21 14:07:37,297 [Worker-83: Launching Executing install in C__gfg-2_javaFundamentals_demo] INFO  o.eclipse.m2e.core.internal.Bundles - 	Entry: C:\Users\admin\.p2\pool\plugins\org.eclipse.m2e.maven.runtime_3.9.900.20240824-1409\jars\httpcore-4.4.16.jar
2025-06-21 14:07:37,297 [Worker-83: Launching Executing install in C__gfg-2_javaFundamentals_demo] INFO  o.eclipse.m2e.core.internal.Bundles - 	Entry: C:\Users\admin\.p2\pool\plugins\org.eclipse.m2e.maven.runtime_3.9.900.20240824-1409\jars\jansi-2.4.1.jar
2025-06-21 14:07:37,297 [Worker-83: Launching Executing install in C__gfg-2_javaFundamentals_demo] INFO  o.eclipse.m2e.core.internal.Bundles - 	Entry: C:\Users\admin\.p2\pool\plugins\org.eclipse.m2e.maven.runtime_3.9.900.20240824-1409\jars\jcl-over-slf4j-1.7.36.jar
2025-06-21 14:07:37,297 [Worker-83: Launching Executing install in C__gfg-2_javaFundamentals_demo] INFO  o.eclipse.m2e.core.internal.Bundles - 	Entry: C:\Users\admin\.p2\pool\plugins\org.eclipse.m2e.maven.runtime_3.9.900.20240824-1409\jars\maven-artifact-3.9.9.jar
2025-06-21 14:07:37,297 [Worker-83: Launching Executing install in C__gfg-2_javaFundamentals_demo] INFO  o.eclipse.m2e.core.internal.Bundles - 	Entry: C:\Users\admin\.p2\pool\plugins\org.eclipse.m2e.maven.runtime_3.9.900.20240824-1409\jars\maven-builder-support-3.9.9.jar
2025-06-21 14:07:37,297 [Worker-83: Launching Executing install in C__gfg-2_javaFundamentals_demo] INFO  o.eclipse.m2e.core.internal.Bundles - 	Entry: C:\Users\admin\.p2\pool\plugins\org.eclipse.m2e.maven.runtime_3.9.900.20240824-1409\jars\maven-compat-3.9.9.jar
2025-06-21 14:07:37,297 [Worker-83: Launching Executing install in C__gfg-2_javaFundamentals_demo] INFO  o.eclipse.m2e.core.internal.Bundles - 	Entry: C:\Users\admin\.p2\pool\plugins\org.eclipse.m2e.maven.runtime_3.9.900.20240824-1409\jars\maven-core-3.9.9.jar
2025-06-21 14:07:37,297 [Worker-83: Launching Executing install in C__gfg-2_javaFundamentals_demo] INFO  o.eclipse.m2e.core.internal.Bundles - 	Entry: C:\Users\admin\.p2\pool\plugins\org.eclipse.m2e.maven.runtime_3.9.900.20240824-1409\jars\maven-embedder-3.9.9.jar
2025-06-21 14:07:37,297 [Worker-83: Launching Executing install in C__gfg-2_javaFundamentals_demo] INFO  o.eclipse.m2e.core.internal.Bundles - 	Entry: C:\Users\admin\.p2\pool\plugins\org.eclipse.m2e.maven.runtime_3.9.900.20240824-1409\jars\maven-model-3.9.9.jar
2025-06-21 14:07:37,297 [Worker-83: Launching Executing install in C__gfg-2_javaFundamentals_demo] INFO  o.eclipse.m2e.core.internal.Bundles - 	Entry: C:\Users\admin\.p2\pool\plugins\org.eclipse.m2e.maven.runtime_3.9.900.20240824-1409\jars\maven-model-builder-3.9.9.jar
2025-06-21 14:07:37,297 [Worker-83: Launching Executing install in C__gfg-2_javaFundamentals_demo] INFO  o.eclipse.m2e.core.internal.Bundles - 	Entry: C:\Users\admin\.p2\pool\plugins\org.eclipse.m2e.maven.runtime_3.9.900.20240824-1409\jars\maven-plugin-api-3.9.9.jar
2025-06-21 14:07:37,298 [Worker-83: Launching Executing install in C__gfg-2_javaFundamentals_demo] INFO  o.eclipse.m2e.core.internal.Bundles - 	Entry: C:\Users\admin\.p2\pool\plugins\org.eclipse.m2e.maven.runtime_3.9.900.20240824-1409\jars\maven-repository-metadata-3.9.9.jar
2025-06-21 14:07:37,298 [Worker-83: Launching Executing install in C__gfg-2_javaFundamentals_demo] INFO  o.eclipse.m2e.core.internal.Bundles - 	Entry: C:\Users\admin\.p2\pool\plugins\org.eclipse.m2e.maven.runtime_3.9.900.20240824-1409\jars\maven-resolver-api-1.9.22.jar
2025-06-21 14:07:37,298 [Worker-83: Launching Executing install in C__gfg-2_javaFundamentals_demo] INFO  o.eclipse.m2e.core.internal.Bundles - 	Entry: C:\Users\admin\.p2\pool\plugins\org.eclipse.m2e.maven.runtime_3.9.900.20240824-1409\jars\maven-resolver-connector-basic-1.9.22.jar
2025-06-21 14:07:37,298 [Worker-83: Launching Executing install in C__gfg-2_javaFundamentals_demo] INFO  o.eclipse.m2e.core.internal.Bundles - 	Entry: C:\Users\admin\.p2\pool\plugins\org.eclipse.m2e.maven.runtime_3.9.900.20240824-1409\jars\maven-resolver-impl-1.9.22.jar
2025-06-21 14:07:37,298 [Worker-83: Launching Executing install in C__gfg-2_javaFundamentals_demo] INFO  o.eclipse.m2e.core.internal.Bundles - 	Entry: C:\Users\admin\.p2\pool\plugins\org.eclipse.m2e.maven.runtime_3.9.900.20240824-1409\jars\maven-resolver-named-locks-1.9.22.jar
2025-06-21 14:07:37,299 [Worker-83: Launching Executing install in C__gfg-2_javaFundamentals_demo] INFO  o.eclipse.m2e.core.internal.Bundles - 	Entry: C:\Users\admin\.p2\pool\plugins\org.eclipse.m2e.maven.runtime_3.9.900.20240824-1409\jars\maven-resolver-provider-3.9.9.jar
2025-06-21 14:07:37,299 [Worker-83: Launching Executing install in C__gfg-2_javaFundamentals_demo] INFO  o.eclipse.m2e.core.internal.Bundles - 	Entry: C:\Users\admin\.p2\pool\plugins\org.eclipse.m2e.maven.runtime_3.9.900.20240824-1409\jars\maven-resolver-spi-1.9.22.jar
2025-06-21 14:07:37,299 [Worker-83: Launching Executing install in C__gfg-2_javaFundamentals_demo] INFO  o.eclipse.m2e.core.internal.Bundles - 	Entry: C:\Users\admin\.p2\pool\plugins\org.eclipse.m2e.maven.runtime_3.9.900.20240824-1409\jars\maven-resolver-transport-file-1.9.22.jar
2025-06-21 14:07:37,299 [Worker-83: Launching Executing install in C__gfg-2_javaFundamentals_demo] INFO  o.eclipse.m2e.core.internal.Bundles - 	Entry: C:\Users\admin\.p2\pool\plugins\org.eclipse.m2e.maven.runtime_3.9.900.20240824-1409\jars\maven-resolver-transport-http-1.9.22.jar
2025-06-21 14:07:37,299 [Worker-83: Launching Executing install in C__gfg-2_javaFundamentals_demo] INFO  o.eclipse.m2e.core.internal.Bundles - 	Entry: C:\Users\admin\.p2\pool\plugins\org.eclipse.m2e.maven.runtime_3.9.900.20240824-1409\jars\maven-resolver-transport-wagon-1.9.22.jar
2025-06-21 14:07:37,299 [Worker-83: Launching Executing install in C__gfg-2_javaFundamentals_demo] INFO  o.eclipse.m2e.core.internal.Bundles - 	Entry: C:\Users\admin\.p2\pool\plugins\org.eclipse.m2e.maven.runtime_3.9.900.20240824-1409\jars\maven-resolver-util-1.9.22.jar
2025-06-21 14:07:37,300 [Worker-83: Launching Executing install in C__gfg-2_javaFundamentals_demo] INFO  o.eclipse.m2e.core.internal.Bundles - 	Entry: C:\Users\admin\.p2\pool\plugins\org.eclipse.m2e.maven.runtime_3.9.900.20240824-1409\jars\maven-settings-3.9.9.jar
2025-06-21 14:07:37,300 [Worker-83: Launching Executing install in C__gfg-2_javaFundamentals_demo] INFO  o.eclipse.m2e.core.internal.Bundles - 	Entry: C:\Users\admin\.p2\pool\plugins\org.eclipse.m2e.maven.runtime_3.9.900.20240824-1409\jars\maven-settings-builder-3.9.9.jar
2025-06-21 14:07:37,300 [Worker-83: Launching Executing install in C__gfg-2_javaFundamentals_demo] INFO  o.eclipse.m2e.core.internal.Bundles - 	Entry: C:\Users\admin\.p2\pool\plugins\org.eclipse.m2e.maven.runtime_3.9.900.20240824-1409\jars\maven-shared-utils-3.4.2.jar
2025-06-21 14:07:37,301 [Worker-83: Launching Executing install in C__gfg-2_javaFundamentals_demo] INFO  o.eclipse.m2e.core.internal.Bundles - 	Entry: C:\Users\admin\.p2\pool\plugins\org.eclipse.m2e.maven.runtime_3.9.900.20240824-1409\jars\org.eclipse.sisu.inject-0.9.0.M3.jar
2025-06-21 14:07:37,301 [Worker-83: Launching Executing install in C__gfg-2_javaFundamentals_demo] INFO  o.eclipse.m2e.core.internal.Bundles - 	Entry: C:\Users\admin\.p2\pool\plugins\org.eclipse.m2e.maven.runtime_3.9.900.20240824-1409\jars\org.eclipse.sisu.plexus-0.9.0.M3.jar
2025-06-21 14:07:37,301 [Worker-83: Launching Executing install in C__gfg-2_javaFundamentals_demo] INFO  o.eclipse.m2e.core.internal.Bundles - 	Entry: C:\Users\admin\.p2\pool\plugins\org.eclipse.m2e.maven.runtime_3.9.900.20240824-1409\jars\plexus-build-api-0.0.7.jar
2025-06-21 14:07:37,301 [Worker-83: Launching Executing install in C__gfg-2_javaFundamentals_demo] INFO  o.eclipse.m2e.core.internal.Bundles - 	Entry: C:\Users\admin\.p2\pool\plugins\org.eclipse.m2e.maven.runtime_3.9.900.20240824-1409\jars\plexus-build-api-1.2.0.jar
2025-06-21 14:07:37,301 [Worker-83: Launching Executing install in C__gfg-2_javaFundamentals_demo] INFO  o.eclipse.m2e.core.internal.Bundles - 	Entry: C:\Users\admin\.p2\pool\plugins\org.eclipse.m2e.maven.runtime_3.9.900.20240824-1409\jars\plexus-cipher-2.0.jar
2025-06-21 14:07:37,301 [Worker-83: Launching Executing install in C__gfg-2_javaFundamentals_demo] INFO  o.eclipse.m2e.core.internal.Bundles - 	Entry: C:\Users\admin\.p2\pool\plugins\org.eclipse.m2e.maven.runtime_3.9.900.20240824-1409\jars\plexus-classworlds-2.8.0.jar
2025-06-21 14:07:37,302 [Worker-83: Launching Executing install in C__gfg-2_javaFundamentals_demo] INFO  o.eclipse.m2e.core.internal.Bundles - 	Entry: C:\Users\admin\.p2\pool\plugins\org.eclipse.m2e.maven.runtime_3.9.900.20240824-1409\jars\plexus-component-annotations-2.1.0.jar
2025-06-21 14:07:37,302 [Worker-83: Launching Executing install in C__gfg-2_javaFundamentals_demo] INFO  o.eclipse.m2e.core.internal.Bundles - 	Entry: C:\Users\admin\.p2\pool\plugins\org.eclipse.m2e.maven.runtime_3.9.900.20240824-1409\jars\plexus-interpolation-1.27.jar
2025-06-21 14:07:37,302 [Worker-83: Launching Executing install in C__gfg-2_javaFundamentals_demo] INFO  o.eclipse.m2e.core.internal.Bundles - 	Entry: C:\Users\admin\.p2\pool\plugins\org.eclipse.m2e.maven.runtime_3.9.900.20240824-1409\jars\plexus-sec-dispatcher-2.0.jar
2025-06-21 14:07:37,302 [Worker-83: Launching Executing install in C__gfg-2_javaFundamentals_demo] INFO  o.eclipse.m2e.core.internal.Bundles - 	Entry: C:\Users\admin\.p2\pool\plugins\org.eclipse.m2e.maven.runtime_3.9.900.20240824-1409\jars\plexus-utils-3.5.1.jar
2025-06-21 14:07:37,302 [Worker-83: Launching Executing install in C__gfg-2_javaFundamentals_demo] INFO  o.eclipse.m2e.core.internal.Bundles - 	Entry: C:\Users\admin\.p2\pool\plugins\org.eclipse.m2e.maven.runtime_3.9.900.20240824-1409\jars\plexus-xml-3.0.1.jar
2025-06-21 14:07:37,302 [Worker-83: Launching Executing install in C__gfg-2_javaFundamentals_demo] INFO  o.eclipse.m2e.core.internal.Bundles - 	Entry: C:\Users\admin\.p2\pool\plugins\org.eclipse.m2e.maven.runtime_3.9.900.20240824-1409\jars\wagon-file-3.5.3.jar
2025-06-21 14:07:37,303 [Worker-83: Launching Executing install in C__gfg-2_javaFundamentals_demo] INFO  o.eclipse.m2e.core.internal.Bundles - 	Entry: C:\Users\admin\.p2\pool\plugins\org.eclipse.m2e.maven.runtime_3.9.900.20240824-1409\jars\wagon-http-3.5.3.jar
2025-06-21 14:07:37,303 [Worker-83: Launching Executing install in C__gfg-2_javaFundamentals_demo] INFO  o.eclipse.m2e.core.internal.Bundles - 	Entry: C:\Users\admin\.p2\pool\plugins\org.eclipse.m2e.maven.runtime_3.9.900.20240824-1409\jars\wagon-http-shared-3.5.3.jar
2025-06-21 14:07:37,303 [Worker-83: Launching Executing install in C__gfg-2_javaFundamentals_demo] INFO  o.eclipse.m2e.core.internal.Bundles - 	Entry: C:\Users\admin\.p2\pool\plugins\org.eclipse.m2e.maven.runtime_3.9.900.20240824-1409\jars\wagon-provider-api-3.5.3.jar
2025-06-21 14:07:37,304 [Worker-83: Launching Executing install in C__gfg-2_javaFundamentals_demo] INFO  o.eclipse.m2e.core.internal.Bundles - getClasspathEntries(Bundle=com.google.guava_33.3.0.jre [16])
2025-06-21 14:07:37,304 [Worker-83: Launching Executing install in C__gfg-2_javaFundamentals_demo] INFO  o.eclipse.m2e.core.internal.Bundles - 	Entry: C:\Users\admin\.p2\pool\plugins\com.google.guava_33.3.0.jre.jar
2025-06-21 14:07:37,304 [Worker-83: Launching Executing install in C__gfg-2_javaFundamentals_demo] INFO  o.eclipse.m2e.core.internal.Bundles - getClasspathEntries(Bundle=slf4j.api_2.0.16 [1007])
2025-06-21 14:07:37,304 [Worker-83: Launching Executing install in C__gfg-2_javaFundamentals_demo] INFO  o.eclipse.m2e.core.internal.Bundles - 	Entry: C:\Users\admin\.p2\pool\plugins\slf4j.api_2.0.16.jar
2025-06-21 14:07:37,304 [Worker-83: Launching Executing install in C__gfg-2_javaFundamentals_demo] INFO  o.eclipse.m2e.core.internal.Bundles - getClasspathEntries(Bundle=jakarta.inject.jakarta.inject-api_1.0.5 [34])
2025-06-21 14:07:37,305 [Worker-83: Launching Executing install in C__gfg-2_javaFundamentals_demo] INFO  o.eclipse.m2e.core.internal.Bundles - 	Entry: C:\Users\admin\.p2\pool\plugins\jakarta.inject.jakarta.inject-api_1.0.5.jar
2025-06-21 14:07:37,305 [Worker-83: Launching Executing install in C__gfg-2_javaFundamentals_demo] INFO  o.eclipse.m2e.core.internal.Bundles - getClasspathEntries(Bundle=jakarta.annotation-api_1.3.5 [29])
2025-06-21 14:07:37,305 [Worker-83: Launching Executing install in C__gfg-2_javaFundamentals_demo] INFO  o.eclipse.m2e.core.internal.Bundles - 	Entry: C:\Users\admin\.p2\pool\plugins\jakarta.annotation-api_1.3.5.jar
2025-06-21 14:07:37,305 [Worker-83: Launching Executing install in C__gfg-2_javaFundamentals_demo] INFO  o.eclipse.m2e.core.internal.Bundles - getClasspathEntries(Bundle=org.apache.commons.cli_1.9.0 [78])
2025-06-21 14:07:37,305 [Worker-83: Launching Executing install in C__gfg-2_javaFundamentals_demo] INFO  o.eclipse.m2e.core.internal.Bundles - 	Entry: C:\Users\admin\.p2\pool\plugins\org.apache.commons.cli_1.9.0.jar
2025-06-21 14:07:37,305 [Worker-83: Launching Executing install in C__gfg-2_javaFundamentals_demo] INFO  o.eclipse.m2e.core.internal.Bundles - getClasspathEntries(Bundle=org.apache.commons.commons-codec_1.16.0 [81])
2025-06-21 14:07:37,305 [Worker-83: Launching Executing install in C__gfg-2_javaFundamentals_demo] INFO  o.eclipse.m2e.core.internal.Bundles - 	Entry: C:\Users\admin\.p2\pool\plugins\org.apache.commons.commons-codec_1.16.0.jar
2025-06-21 14:07:37,305 [Worker-83: Launching Executing install in C__gfg-2_javaFundamentals_demo] INFO  o.eclipse.m2e.core.internal.Bundles - getClasspathEntries(Bundle=com.google.guava.failureaccess_1.0.2 [17])
2025-06-21 14:07:37,307 [Worker-83: Launching Executing install in C__gfg-2_javaFundamentals_demo] INFO  o.eclipse.m2e.core.internal.Bundles - 	Entry: C:\Users\admin\.p2\pool\plugins\com.google.guava.failureaccess_1.0.2.jar
2025-06-21 14:07:37,309 [Worker-83: Launching Executing install in C__gfg-2_javaFundamentals_demo] INFO  o.e.m.i.launch.MavenLaunchDelegate - Run build in "C:\gfg-2\javaFundamentals\demo":
2025-06-21 14:07:37,310 [Worker-83: Launching Executing install in C__gfg-2_javaFundamentals_demo] INFO  o.e.m.i.launch.MavenLaunchDelegate -  mvn  -B -Dstyle.color=always install
